This file contains any messages produced by compilers while
running configure, to aid debugging if configure makes a mistake.

It was created by mongo-c-driver configure 1.0.2, which was
generated by GNU Autoconf 2.69.  Invocation command line was

  $ ./configure --prefix=/usr --libdir=/usr/lib64

## --------- ##
## Platform. ##
## --------- ##

hostname = ubuntu
uname -m = x86_64
uname -r = 3.13.0-32-generic
uname -s = Linux
uname -v = #57-Ubuntu SMP Tue Jul 15 03:51:08 UTC 2014

/usr/bin/uname -p = unknown
/bin/uname -X     = unknown

/bin/arch              = unknown
/usr/bin/arch -k       = unknown
/usr/convex/getsysinfo = unknown
/usr/bin/hostinfo      = unknown
/bin/machine           = unknown
/usr/bin/oslevel       = unknown
/bin/universe          = unknown

PATH: /usr/local/sbin
PATH: /usr/local/bin
PATH: /usr/sbin
PATH: /usr/bin
PATH: /sbin
PATH: /bin
PATH: /usr/games
PATH: /usr/local/games
PATH: /usr/local/hadoop/pig/bin
PATH: /usr/local/hadoop/bin


## ----------- ##
## Core tests. ##
## ----------- ##

configure:2596: checking for gcc
configure:2612: found /usr/bin/gcc
configure:2623: result: gcc
configure:2852: checking for C compiler version
configure:2861: gcc --version >&5
gcc (Ubuntu 4.8.2-19ubuntu1) 4.8.2
Copyright (C) 2013 Free Software Foundation, Inc.
This is free software; see the source for copying conditions.  There is NO
warranty; not even for MERCHANTABILITY or FITNESS FOR A PARTICULAR PURPOSE.

configure:2872: $? = 0
configure:2861: gcc -v >&5
Using built-in specs.
COLLECT_GCC=gcc
COLLECT_LTO_WRAPPER=/usr/lib/gcc/x86_64-linux-gnu/4.8/lto-wrapper
Target: x86_64-linux-gnu
Configured with: ../src/configure -v --with-pkgversion='Ubuntu 4.8.2-19ubuntu1' --with-bugurl=file:///usr/share/doc/gcc-4.8/README.Bugs --enable-languages=c,c++,java,go,d,fortran,objc,obj-c++ --prefix=/usr --program-suffix=-4.8 --enable-shared --enable-linker-build-id --libexecdir=/usr/lib --without-included-gettext --enable-threads=posix --with-gxx-include-dir=/usr/include/c++/4.8 --libdir=/usr/lib --enable-nls --with-sysroot=/ --enable-clocale=gnu --enable-libstdcxx-debug --enable-libstdcxx-time=yes --enable-gnu-unique-object --disable-libmudflap --enable-plugin --with-system-zlib --disable-browser-plugin --enable-java-awt=gtk --enable-gtk-cairo --with-java-home=/usr/lib/jvm/java-1.5.0-gcj-4.8-amd64/jre --enable-java-home --with-jvm-root-dir=/usr/lib/jvm/java-1.5.0-gcj-4.8-amd64 --with-jvm-jar-dir=/usr/lib/jvm-exports/java-1.5.0-gcj-4.8-amd64 --with-arch-directory=amd64 --with-ecj-jar=/usr/share/java/eclipse-ecj.jar --enable-objc-gc --enable-multiarch --disable-werror --with-arch-32=i686 --with-abi=m64 --with-multilib-list=m32,m64,mx32 --with-tune=generic --enable-checking=release --build=x86_64-linux-gnu --host=x86_64-linux-gnu --target=x86_64-linux-gnu
Thread model: posix
gcc version 4.8.2 (Ubuntu 4.8.2-19ubuntu1) 
configure:2872: $? = 0
configure:2861: gcc -V >&5
gcc: error: unrecognized command line option '-V'
gcc: fatal error: no input files
compilation terminated.
configure:2872: $? = 4
configure:2861: gcc -qversion >&5
gcc: error: unrecognized command line option '-qversion'
gcc: fatal error: no input files
compilation terminated.
configure:2872: $? = 4
configure:2892: checking whether the C compiler works
configure:2914: gcc    conftest.c  >&5
configure:2918: $? = 0
configure:2966: result: yes
configure:2969: checking for C compiler default output file name
configure:2971: result: a.out
configure:2977: checking for suffix of executables
configure:2984: gcc -o conftest    conftest.c  >&5
configure:2988: $? = 0
configure:3010: result: 
configure:3032: checking whether we are cross compiling
configure:3040: gcc -o conftest    conftest.c  >&5
configure:3044: $? = 0
configure:3051: ./conftest
configure:3055: $? = 0
configure:3070: result: no
configure:3075: checking for suffix of object files
configure:3097: gcc -c   conftest.c >&5
configure:3101: $? = 0
configure:3122: result: o
configure:3126: checking whether we are using the GNU C compiler
configure:3145: gcc -c   conftest.c >&5
configure:3145: $? = 0
configure:3154: result: yes
configure:3163: checking whether gcc accepts -g
configure:3183: gcc -c -g  conftest.c >&5
configure:3183: $? = 0
configure:3224: result: yes
configure:3241: checking for gcc option to accept ISO C89
configure:3304: gcc  -c   conftest.c >&5
configure:3304: $? = 0
configure:3317: result: none needed
configure:3345: checking whether gcc understands -c and -o together
configure:3367: gcc -c conftest.c -o conftest2.o
configure:3370: $? = 0
configure:3367: gcc -c conftest.c -o conftest2.o
configure:3370: $? = 0
configure:3382: result: yes
configure:3457: checking for g++
configure:3487: result: no
configure:3457: checking for c++
configure:3487: result: no
configure:3457: checking for gpp
configure:3487: result: no
configure:3457: checking for aCC
configure:3487: result: no
configure:3457: checking for CC
configure:3487: result: no
configure:3457: checking for cxx
configure:3487: result: no
configure:3457: checking for cc++
configure:3487: result: no
configure:3457: checking for cl.exe
configure:3487: result: no
configure:3457: checking for FCC
configure:3487: result: no
configure:3457: checking for KCC
configure:3487: result: no
configure:3457: checking for RCC
configure:3487: result: no
configure:3457: checking for xlC_r
configure:3487: result: no
configure:3457: checking for xlC
configure:3487: result: no
configure:3511: checking for C++ compiler version
configure:3520: g++ --version >&5
./configure: line 3522: g++: command not found
configure:3531: $? = 127
configure:3520: g++ -v >&5
./configure: line 3522: g++: command not found
configure:3531: $? = 127
configure:3520: g++ -V >&5
./configure: line 3522: g++: command not found
configure:3531: $? = 127
configure:3520: g++ -qversion >&5
./configure: line 3522: g++: command not found
configure:3531: $? = 127
configure:3535: checking whether we are using the GNU C++ compiler
configure:3554: g++ -c   conftest.cpp >&5
./configure: line 1722: g++: command not found
configure:3554: $? = 127
configure: failed program was:
| /* confdefs.h */
| #define PACKAGE_NAME "mongo-c-driver"
| #define PACKAGE_TARNAME "mongo-c-driver"
| #define PACKAGE_VERSION "1.0.2"
| #define PACKAGE_STRING "mongo-c-driver 1.0.2"
| #define PACKAGE_BUGREPORT "https://jira.mongodb.org/browse/CDRIVER"
| #define PACKAGE_URL ""
| /* end confdefs.h.  */
| 
| int
| main ()
| {
| #ifndef __GNUC__
|        choke me
| #endif
| 
|   ;
|   return 0;
| }
configure:3563: result: no
configure:3572: checking whether g++ accepts -g
configure:3592: g++ -c -g  conftest.cpp >&5
./configure: line 1722: g++: command not found
configure:3592: $? = 127
configure: failed program was:
| /* confdefs.h */
| #define PACKAGE_NAME "mongo-c-driver"
| #define PACKAGE_TARNAME "mongo-c-driver"
| #define PACKAGE_VERSION "1.0.2"
| #define PACKAGE_STRING "mongo-c-driver 1.0.2"
| #define PACKAGE_BUGREPORT "https://jira.mongodb.org/browse/CDRIVER"
| #define PACKAGE_URL ""
| /* end confdefs.h.  */
| 
| int
| main ()
| {
| 
|   ;
|   return 0;
| }
configure:3607: g++ -c   conftest.cpp >&5
./configure: line 1722: g++: command not found
configure:3607: $? = 127
configure: failed program was:
| /* confdefs.h */
| #define PACKAGE_NAME "mongo-c-driver"
| #define PACKAGE_TARNAME "mongo-c-driver"
| #define PACKAGE_VERSION "1.0.2"
| #define PACKAGE_STRING "mongo-c-driver 1.0.2"
| #define PACKAGE_BUGREPORT "https://jira.mongodb.org/browse/CDRIVER"
| #define PACKAGE_URL ""
| /* end confdefs.h.  */
| 
| int
| main ()
| {
| 
|   ;
|   return 0;
| }
configure:3623: g++ -c -g  conftest.cpp >&5
./configure: line 1722: g++: command not found
configure:3623: $? = 127
configure: failed program was:
| /* confdefs.h */
| #define PACKAGE_NAME "mongo-c-driver"
| #define PACKAGE_TARNAME "mongo-c-driver"
| #define PACKAGE_VERSION "1.0.2"
| #define PACKAGE_STRING "mongo-c-driver 1.0.2"
| #define PACKAGE_BUGREPORT "https://jira.mongodb.org/browse/CDRIVER"
| #define PACKAGE_URL ""
| /* end confdefs.h.  */
| 
| int
| main ()
| {
| 
|   ;
|   return 0;
| }
configure:3633: result: no
configure:3681: gcc -c   conftest.c >&5
configure:3681: $? = 0
configure:3700: gcc -c   conftest.c >&5
conftest.c:11:2: error: #error Not a supported Clang compiler
 #error Not a supported Clang compiler
  ^
configure:3700: $? = 1
configure: failed program was:
| /* confdefs.h */
| #define PACKAGE_NAME "mongo-c-driver"
| #define PACKAGE_TARNAME "mongo-c-driver"
| #define PACKAGE_VERSION "1.0.2"
| #define PACKAGE_STRING "mongo-c-driver 1.0.2"
| #define PACKAGE_BUGREPORT "https://jira.mongodb.org/browse/CDRIVER"
| #define PACKAGE_URL ""
| /* end confdefs.h.  */
| 
| #if !(defined(__clang__) && (__clang_major__ > 3 || (__clang_major__ == 3 && __clang_minor__ >= 3)))
| #error Not a supported Clang compiler
| #endif
| 
| int
| main ()
| {
| 
|   ;
|   return 0;
| }
configure:3719: gcc -c   conftest.c >&5
conftest.c:11:2: error: #error Not a supported Sun compiler
 #error Not a supported Sun compiler
  ^
configure:3719: $? = 1
configure: failed program was:
| /* confdefs.h */
| #define PACKAGE_NAME "mongo-c-driver"
| #define PACKAGE_TARNAME "mongo-c-driver"
| #define PACKAGE_VERSION "1.0.2"
| #define PACKAGE_STRING "mongo-c-driver 1.0.2"
| #define PACKAGE_BUGREPORT "https://jira.mongodb.org/browse/CDRIVER"
| #define PACKAGE_URL ""
| /* end confdefs.h.  */
| 
| #if !(defined(__SUNPRO_C))
| #error Not a supported Sun compiler
| #endif
| 
| int
| main ()
| {
| 
|   ;
|   return 0;
| }
configure:3752: gcc -c   conftest.c >&5
configure:3752: $? = 0
configure:3760: checking for an ANSI C-conforming const
configure:3826: gcc -c   conftest.c >&5
configure:3826: $? = 0
configure:3833: result: yes
configure:3841: checking for inline
configure:3857: gcc -c   conftest.c >&5
configure:3857: $? = 0
configure:3865: result: inline
configure:3884: checking for typeof syntax and keyword spelling
configure:3915: gcc -c   conftest.c >&5
configure:3915: $? = 0
configure:3922: result: typeof
configure:3940: checking for perl
configure:3958: found /usr/bin/perl
configure:3970: result: /usr/bin/perl
configure:3984: checking for mv
configure:4002: found /bin/mv
configure:4014: result: /bin/mv
configure:4028: checking for grep
configure:4046: found /bin/grep
configure:4058: result: /bin/grep
configure:4073: checking for python
configure:4091: found /usr/bin/python
configure:4103: result: /usr/bin/python
configure:4113: checking for yelp-build
configure:4146: result: no
configure:4166: checking for a BSD-compatible install
configure:4234: result: /usr/bin/install -c
configure:4251: checking build system type
configure:4265: result: x86_64-unknown-linux-gnu
configure:4285: checking host system type
configure:4298: result: x86_64-unknown-linux-gnu
configure:4364: checking target system type
configure:4377: result: x86_64-unknown-linux-gnu
configure:4818: checking how to print strings
configure:4845: result: printf
configure:4866: checking for a sed that does not truncate output
configure:4930: result: /bin/sed
configure:4948: checking for grep that handles long lines and -e
configure:5006: result: /bin/grep
configure:5011: checking for egrep
configure:5073: result: /bin/grep -E
configure:5078: checking for fgrep
configure:5140: result: /bin/grep -F
configure:5175: checking for ld used by gcc
configure:5242: result: /usr/bin/ld
configure:5249: checking if the linker (/usr/bin/ld) is GNU ld
configure:5264: result: yes
configure:5276: checking for BSD- or MS-compatible name lister (nm)
configure:5325: result: /usr/bin/nm -B
configure:5455: checking the name lister (/usr/bin/nm -B) interface
configure:5462: gcc -c   conftest.c >&5
configure:5465: /usr/bin/nm -B "conftest.o"
configure:5468: output
0000000000000000 B some_variable
configure:5475: result: BSD nm
configure:5478: checking whether ln -s works
configure:5482: result: yes
configure:5490: checking the maximum length of command line arguments
configure:5620: result: 1572864
configure:5637: checking whether the shell understands some XSI constructs
configure:5647: result: yes
configure:5651: checking whether the shell understands "+="
configure:5657: result: yes
configure:5692: checking how to convert x86_64-unknown-linux-gnu file names to x86_64-unknown-linux-gnu format
configure:5732: result: func_convert_file_noop
configure:5739: checking how to convert x86_64-unknown-linux-gnu file names to toolchain format
configure:5759: result: func_convert_file_noop
configure:5766: checking for /usr/bin/ld option to reload object files
configure:5773: result: -r
configure:5847: checking for objdump
configure:5874: result: objdump
configure:5903: checking how to recognize dependent libraries
configure:6105: result: pass_all
configure:6190: checking for dlltool
configure:6217: result: dlltool
configure:6247: checking how to associate runtime and link libraries
configure:6274: result: printf %s\n
configure:6334: checking for ar
configure:6350: found /usr/bin/ar
configure:6361: result: ar
configure:6398: checking for archiver @FILE support
configure:6415: gcc -c   conftest.c >&5
configure:6415: $? = 0
configure:6418: ar cru libconftest.a @conftest.lst >&5
configure:6421: $? = 0
configure:6426: ar cru libconftest.a @conftest.lst >&5
ar: conftest.o: No such file or directory
configure:6429: $? = 1
configure:6441: result: @
configure:6499: checking for strip
configure:6515: found /usr/bin/strip
configure:6526: result: strip
configure:6598: checking for ranlib
configure:6614: found /usr/bin/ranlib
configure:6625: result: ranlib
configure:6702: checking for gawk
configure:6718: found /usr/bin/gawk
configure:6729: result: gawk
configure:6769: checking command to parse /usr/bin/nm -B output from gcc object
configure:6889: gcc -c   conftest.c >&5
configure:6892: $? = 0
configure:6896: /usr/bin/nm -B conftest.o \| sed -n -e 's/^.*[ ]\([ABCDGIRSTW][ABCDGIRSTW]*\)[ ][ ]*\([_A-Za-z][_A-Za-z0-9]*\)$/\1 \2 \2/p' | sed '/ __gnu_lto/d' \> conftest.nm
configure:6899: $? = 0
configure:6965: gcc -o conftest    conftest.c conftstm.o >&5
configure:6968: $? = 0
configure:7006: result: ok
configure:7043: checking for sysroot
configure:7073: result: no
configure:7150: gcc -c   conftest.c >&5
configure:7153: $? = 0
configure:7329: checking for mt
configure:7345: found /bin/mt
configure:7356: result: mt
configure:7379: checking if mt is a manifest tool
configure:7385: mt '-?'
configure:7393: result: no
configure:8035: checking how to run the C preprocessor
configure:8066: gcc -E  conftest.c
configure:8066: $? = 0
configure:8080: gcc -E  conftest.c
conftest.c:10:28: fatal error: ac_nonexistent.h: No such file or directory
 #include <ac_nonexistent.h>
                            ^
compilation terminated.
configure:8080: $? = 1
configure: failed program was:
| /* confdefs.h */
| #define PACKAGE_NAME "mongo-c-driver"
| #define PACKAGE_TARNAME "mongo-c-driver"
| #define PACKAGE_VERSION "1.0.2"
| #define PACKAGE_STRING "mongo-c-driver 1.0.2"
| #define PACKAGE_BUGREPORT "https://jira.mongodb.org/browse/CDRIVER"
| #define PACKAGE_URL ""
| #define HAVE_TYPEOF 1
| /* end confdefs.h.  */
| #include <ac_nonexistent.h>
configure:8105: result: gcc -E
configure:8125: gcc -E  conftest.c
configure:8125: $? = 0
configure:8139: gcc -E  conftest.c
conftest.c:10:28: fatal error: ac_nonexistent.h: No such file or directory
 #include <ac_nonexistent.h>
                            ^
compilation terminated.
configure:8139: $? = 1
configure: failed program was:
| /* confdefs.h */
| #define PACKAGE_NAME "mongo-c-driver"
| #define PACKAGE_TARNAME "mongo-c-driver"
| #define PACKAGE_VERSION "1.0.2"
| #define PACKAGE_STRING "mongo-c-driver 1.0.2"
| #define PACKAGE_BUGREPORT "https://jira.mongodb.org/browse/CDRIVER"
| #define PACKAGE_URL ""
| #define HAVE_TYPEOF 1
| /* end confdefs.h.  */
| #include <ac_nonexistent.h>
configure:8168: checking for ANSI C header files
configure:8188: gcc -c   conftest.c >&5
configure:8188: $? = 0
configure:8261: gcc -o conftest    conftest.c  >&5
configure:8261: $? = 0
configure:8261: ./conftest
configure:8261: $? = 0
configure:8272: result: yes
configure:8285: checking for sys/types.h
configure:8285: gcc -c   conftest.c >&5
configure:8285: $? = 0
configure:8285: result: yes
configure:8285: checking for sys/stat.h
configure:8285: gcc -c   conftest.c >&5
configure:8285: $? = 0
configure:8285: result: yes
configure:8285: checking for stdlib.h
configure:8285: gcc -c   conftest.c >&5
configure:8285: $? = 0
configure:8285: result: yes
configure:8285: checking for string.h
configure:8285: gcc -c   conftest.c >&5
configure:8285: $? = 0
configure:8285: result: yes
configure:8285: checking for memory.h
configure:8285: gcc -c   conftest.c >&5
configure:8285: $? = 0
configure:8285: result: yes
configure:8285: checking for strings.h
configure:8285: gcc -c   conftest.c >&5
configure:8285: $? = 0
configure:8285: result: yes
configure:8285: checking for inttypes.h
configure:8285: gcc -c   conftest.c >&5
configure:8285: $? = 0
configure:8285: result: yes
configure:8285: checking for stdint.h
configure:8285: gcc -c   conftest.c >&5
configure:8285: $? = 0
configure:8285: result: yes
configure:8285: checking for unistd.h
configure:8285: gcc -c   conftest.c >&5
configure:8285: $? = 0
configure:8285: result: yes
configure:8299: checking for dlfcn.h
configure:8299: gcc -c   conftest.c >&5
configure:8299: $? = 0
configure:8299: result: yes
configure:8484: checking for objdir
configure:8499: result: .libs
configure:8770: checking if gcc supports -fno-rtti -fno-exceptions
configure:8788: gcc -c   -fno-rtti -fno-exceptions conftest.c >&5
cc1: warning: command line option '-fno-rtti' is valid for C++/ObjC++ but not for C [enabled by default]
configure:8792: $? = 0
configure:8805: result: no
configure:9132: checking for gcc option to produce PIC
configure:9139: result: -fPIC -DPIC
configure:9147: checking if gcc PIC flag -fPIC -DPIC works
configure:9165: gcc -c   -fPIC -DPIC -DPIC conftest.c >&5
configure:9169: $? = 0
configure:9182: result: yes
configure:9211: checking if gcc static flag -static works
configure:9239: result: yes
configure:9254: checking if gcc supports -c -o file.o
configure:9275: gcc -c   -o out/conftest2.o conftest.c >&5
configure:9279: $? = 0
configure:9301: result: yes
configure:9309: checking if gcc supports -c -o file.o
configure:9356: result: yes
configure:9389: checking whether the gcc linker (/usr/bin/ld -m elf_x86_64) supports shared libraries
configure:10542: result: yes
configure:10579: checking whether -lc should be explicitly linked in
configure:10587: gcc -c   conftest.c >&5
configure:10590: $? = 0
configure:10605: gcc -shared  -fPIC -DPIC conftest.o  -v -Wl,-soname -Wl,conftest -o conftest 2\>\&1 \| /bin/grep  -lc  \>/dev/null 2\>\&1
configure:10608: $? = 0
configure:10622: result: no
configure:10782: checking dynamic linker characteristics
configure:11293: gcc -o conftest    -Wl,-rpath -Wl,/foo conftest.c  >&5
configure:11293: $? = 0
configure:11515: result: GNU/Linux ld.so
configure:11622: checking how to hardcode library paths into programs
configure:11647: result: immediate
configure:12187: checking whether stripping libraries is possible
configure:12192: result: yes
configure:12227: checking if libtool supports shared libraries
configure:12229: result: yes
configure:12232: checking whether to build shared libraries
configure:12253: result: yes
configure:12256: checking whether to build static libraries
configure:12260: result: no
configure:15493: checking whether to do a debug build
configure:15502: result: no
configure:15505: checking whether to enable tracing
configure:15514: result: no
configure:15517: checking whether to enable optimized builds
configure:15532: result: yes
configure:15535: checking whether to enable code coverage support
configure:15544: result: no
configure:15547: checking whether to enable debug symbols
configure:15568: result: no
configure:15709: checking for pkg-config
configure:15742: result: no
configure:15779: checking for SASL
configure:15952: result: no
configure:15957: checking for sasl_client_init in -lsasl2
configure:15982: gcc -o conftest    conftest.c -lsasl2   >&5
/usr/bin/ld: cannot find -lsasl2
collect2: error: ld returned 1 exit status
configure:15982: $? = 1
configure: failed program was:
| /* confdefs.h */
| #define PACKAGE_NAME "mongo-c-driver"
| #define PACKAGE_TARNAME "mongo-c-driver"
| #define PACKAGE_VERSION "1.0.2"
| #define PACKAGE_STRING "mongo-c-driver 1.0.2"
| #define PACKAGE_BUGREPORT "https://jira.mongodb.org/browse/CDRIVER"
| #define PACKAGE_URL ""
| #define HAVE_TYPEOF 1
| #define STDC_HEADERS 1
| #define HAVE_SYS_TYPES_H 1
| #define HAVE_SYS_STAT_H 1
| #define HAVE_STDLIB_H 1
| #define HAVE_STRING_H 1
| #define HAVE_MEMORY_H 1
| #define HAVE_STRINGS_H 1
| #define HAVE_INTTYPES_H 1
| #define HAVE_STDINT_H 1
| #define HAVE_UNISTD_H 1
| #define HAVE_DLFCN_H 1
| #define LT_OBJDIR ".libs/"
| /* end confdefs.h.  */
| 
| /* Override any GCC internal prototype to avoid an error.
|    Use char because int might match the return type of a GCC
|    builtin and then its argument prototype would still apply.  */
| #ifdef __cplusplus
| extern "C"
| #endif
| char sasl_client_init ();
| int
| main ()
| {
| return sasl_client_init ();
|   ;
|   return 0;
| }
configure:15991: result: no
configure:15999: checking for sasl_client_init in -lsasl
configure:16024: gcc -o conftest    conftest.c -lsasl   >&5
/usr/bin/ld: cannot find -lsasl
collect2: error: ld returned 1 exit status
configure:16024: $? = 1
configure: failed program was:
| /* confdefs.h */
| #define PACKAGE_NAME "mongo-c-driver"
| #define PACKAGE_TARNAME "mongo-c-driver"
| #define PACKAGE_VERSION "1.0.2"
| #define PACKAGE_STRING "mongo-c-driver 1.0.2"
| #define PACKAGE_BUGREPORT "https://jira.mongodb.org/browse/CDRIVER"
| #define PACKAGE_URL ""
| #define HAVE_TYPEOF 1
| #define STDC_HEADERS 1
| #define HAVE_SYS_TYPES_H 1
| #define HAVE_SYS_STAT_H 1
| #define HAVE_STDLIB_H 1
| #define HAVE_STRING_H 1
| #define HAVE_MEMORY_H 1
| #define HAVE_STRINGS_H 1
| #define HAVE_INTTYPES_H 1
| #define HAVE_STDINT_H 1
| #define HAVE_UNISTD_H 1
| #define HAVE_DLFCN_H 1
| #define LT_OBJDIR ".libs/"
| /* end confdefs.h.  */
| 
| /* Override any GCC internal prototype to avoid an error.
|    Use char because int might match the return type of a GCC
|    builtin and then its argument prototype would still apply.  */
| #ifdef __cplusplus
| extern "C"
| #endif
| char sasl_client_init ();
| int
| main ()
| {
| return sasl_client_init ();
|   ;
|   return 0;
| }
configure:16033: result: no
configure:16045: checking sasl/sasl.h usability
configure:16045: gcc -c   conftest.c >&5
conftest.c:55:23: fatal error: sasl/sasl.h: No such file or directory
 #include <sasl/sasl.h>
                       ^
compilation terminated.
configure:16045: $? = 1
configure: failed program was:
| /* confdefs.h */
| #define PACKAGE_NAME "mongo-c-driver"
| #define PACKAGE_TARNAME "mongo-c-driver"
| #define PACKAGE_VERSION "1.0.2"
| #define PACKAGE_STRING "mongo-c-driver 1.0.2"
| #define PACKAGE_BUGREPORT "https://jira.mongodb.org/browse/CDRIVER"
| #define PACKAGE_URL ""
| #define HAVE_TYPEOF 1
| #define STDC_HEADERS 1
| #define HAVE_SYS_TYPES_H 1
| #define HAVE_SYS_STAT_H 1
| #define HAVE_STDLIB_H 1
| #define HAVE_STRING_H 1
| #define HAVE_MEMORY_H 1
| #define HAVE_STRINGS_H 1
| #define HAVE_INTTYPES_H 1
| #define HAVE_STDINT_H 1
| #define HAVE_UNISTD_H 1
| #define HAVE_DLFCN_H 1
| #define LT_OBJDIR ".libs/"
| /* end confdefs.h.  */
| #include <stdio.h>
| #ifdef HAVE_SYS_TYPES_H
| # include <sys/types.h>
| #endif
| #ifdef HAVE_SYS_STAT_H
| # include <sys/stat.h>
| #endif
| #ifdef STDC_HEADERS
| # include <stdlib.h>
| # include <stddef.h>
| #else
| # ifdef HAVE_STDLIB_H
| #  include <stdlib.h>
| # endif
| #endif
| #ifdef HAVE_STRING_H
| # if !defined STDC_HEADERS && defined HAVE_MEMORY_H
| #  include <memory.h>
| # endif
| # include <string.h>
| #endif
| #ifdef HAVE_STRINGS_H
| # include <strings.h>
| #endif
| #ifdef HAVE_INTTYPES_H
| # include <inttypes.h>
| #endif
| #ifdef HAVE_STDINT_H
| # include <stdint.h>
| #endif
| #ifdef HAVE_UNISTD_H
| # include <unistd.h>
| #endif
| #include <sasl/sasl.h>
configure:16045: result: no
configure:16045: checking sasl/sasl.h presence
configure:16045: gcc -E  conftest.c
conftest.c:22:23: fatal error: sasl/sasl.h: No such file or directory
 #include <sasl/sasl.h>
                       ^
compilation terminated.
configure:16045: $? = 1
configure: failed program was:
| /* confdefs.h */
| #define PACKAGE_NAME "mongo-c-driver"
| #define PACKAGE_TARNAME "mongo-c-driver"
| #define PACKAGE_VERSION "1.0.2"
| #define PACKAGE_STRING "mongo-c-driver 1.0.2"
| #define PACKAGE_BUGREPORT "https://jira.mongodb.org/browse/CDRIVER"
| #define PACKAGE_URL ""
| #define HAVE_TYPEOF 1
| #define STDC_HEADERS 1
| #define HAVE_SYS_TYPES_H 1
| #define HAVE_SYS_STAT_H 1
| #define HAVE_STDLIB_H 1
| #define HAVE_STRING_H 1
| #define HAVE_MEMORY_H 1
| #define HAVE_STRINGS_H 1
| #define HAVE_INTTYPES_H 1
| #define HAVE_STDINT_H 1
| #define HAVE_UNISTD_H 1
| #define HAVE_DLFCN_H 1
| #define LT_OBJDIR ".libs/"
| /* end confdefs.h.  */
| #include <sasl/sasl.h>
configure:16045: result: no
configure:16045: checking for sasl/sasl.h
configure:16045: result: no
configure:16110: checking for SSL
configure:16289: result: no
configure:16294: checking for SSL_library_init in -lssl
configure:16319: gcc -o conftest    conftest.c -lssl   >&5
/usr/bin/ld: cannot find -lssl
collect2: error: ld returned 1 exit status
configure:16319: $? = 1
configure: failed program was:
| /* confdefs.h */
| #define PACKAGE_NAME "mongo-c-driver"
| #define PACKAGE_TARNAME "mongo-c-driver"
| #define PACKAGE_VERSION "1.0.2"
| #define PACKAGE_STRING "mongo-c-driver 1.0.2"
| #define PACKAGE_BUGREPORT "https://jira.mongodb.org/browse/CDRIVER"
| #define PACKAGE_URL ""
| #define HAVE_TYPEOF 1
| #define STDC_HEADERS 1
| #define HAVE_SYS_TYPES_H 1
| #define HAVE_SYS_STAT_H 1
| #define HAVE_STDLIB_H 1
| #define HAVE_STRING_H 1
| #define HAVE_MEMORY_H 1
| #define HAVE_STRINGS_H 1
| #define HAVE_INTTYPES_H 1
| #define HAVE_STDINT_H 1
| #define HAVE_UNISTD_H 1
| #define HAVE_DLFCN_H 1
| #define LT_OBJDIR ".libs/"
| /* end confdefs.h.  */
| 
| /* Override any GCC internal prototype to avoid an error.
|    Use char because int might match the return type of a GCC
|    builtin and then its argument prototype would still apply.  */
| #ifdef __cplusplus
| extern "C"
| #endif
| char SSL_library_init ();
| int
| main ()
| {
| return SSL_library_init ();
|   ;
|   return 0;
| }
configure:16328: result: no
configure:16336: checking for CRYPTO_set_locking_callback in -lcrypto
configure:16361: gcc -o conftest    conftest.c -lcrypto   >&5
/usr/bin/ld: cannot find -lcrypto
collect2: error: ld returned 1 exit status
configure:16361: $? = 1
configure: failed program was:
| /* confdefs.h */
| #define PACKAGE_NAME "mongo-c-driver"
| #define PACKAGE_TARNAME "mongo-c-driver"
| #define PACKAGE_VERSION "1.0.2"
| #define PACKAGE_STRING "mongo-c-driver 1.0.2"
| #define PACKAGE_BUGREPORT "https://jira.mongodb.org/browse/CDRIVER"
| #define PACKAGE_URL ""
| #define HAVE_TYPEOF 1
| #define STDC_HEADERS 1
| #define HAVE_SYS_TYPES_H 1
| #define HAVE_SYS_STAT_H 1
| #define HAVE_STDLIB_H 1
| #define HAVE_STRING_H 1
| #define HAVE_MEMORY_H 1
| #define HAVE_STRINGS_H 1
| #define HAVE_INTTYPES_H 1
| #define HAVE_STDINT_H 1
| #define HAVE_UNISTD_H 1
| #define HAVE_DLFCN_H 1
| #define LT_OBJDIR ".libs/"
| /* end confdefs.h.  */
| 
| /* Override any GCC internal prototype to avoid an error.
|    Use char because int might match the return type of a GCC
|    builtin and then its argument prototype would still apply.  */
| #ifdef __cplusplus
| extern "C"
| #endif
| char CRYPTO_set_locking_callback ();
| int
| main ()
| {
| return CRYPTO_set_locking_callback ();
|   ;
|   return 0;
| }
configure:16370: result: no
configure:16387: checking openssl/bio.h usability
configure:16387: gcc -c   conftest.c >&5
conftest.c:55:25: fatal error: openssl/bio.h: No such file or directory
 #include <openssl/bio.h>
                         ^
compilation terminated.
configure:16387: $? = 1
configure: failed program was:
| /* confdefs.h */
| #define PACKAGE_NAME "mongo-c-driver"
| #define PACKAGE_TARNAME "mongo-c-driver"
| #define PACKAGE_VERSION "1.0.2"
| #define PACKAGE_STRING "mongo-c-driver 1.0.2"
| #define PACKAGE_BUGREPORT "https://jira.mongodb.org/browse/CDRIVER"
| #define PACKAGE_URL ""
| #define HAVE_TYPEOF 1
| #define STDC_HEADERS 1
| #define HAVE_SYS_TYPES_H 1
| #define HAVE_SYS_STAT_H 1
| #define HAVE_STDLIB_H 1
| #define HAVE_STRING_H 1
| #define HAVE_MEMORY_H 1
| #define HAVE_STRINGS_H 1
| #define HAVE_INTTYPES_H 1
| #define HAVE_STDINT_H 1
| #define HAVE_UNISTD_H 1
| #define HAVE_DLFCN_H 1
| #define LT_OBJDIR ".libs/"
| /* end confdefs.h.  */
| #include <stdio.h>
| #ifdef HAVE_SYS_TYPES_H
| # include <sys/types.h>
| #endif
| #ifdef HAVE_SYS_STAT_H
| # include <sys/stat.h>
| #endif
| #ifdef STDC_HEADERS
| # include <stdlib.h>
| # include <stddef.h>
| #else
| # ifdef HAVE_STDLIB_H
| #  include <stdlib.h>
| # endif
| #endif
| #ifdef HAVE_STRING_H
| # if !defined STDC_HEADERS && defined HAVE_MEMORY_H
| #  include <memory.h>
| # endif
| # include <string.h>
| #endif
| #ifdef HAVE_STRINGS_H
| # include <strings.h>
| #endif
| #ifdef HAVE_INTTYPES_H
| # include <inttypes.h>
| #endif
| #ifdef HAVE_STDINT_H
| # include <stdint.h>
| #endif
| #ifdef HAVE_UNISTD_H
| # include <unistd.h>
| #endif
| #include <openssl/bio.h>
configure:16387: result: no
configure:16387: checking openssl/bio.h presence
configure:16387: gcc -E  conftest.c
conftest.c:22:25: fatal error: openssl/bio.h: No such file or directory
 #include <openssl/bio.h>
                         ^
compilation terminated.
configure:16387: $? = 1
configure: failed program was:
| /* confdefs.h */
| #define PACKAGE_NAME "mongo-c-driver"
| #define PACKAGE_TARNAME "mongo-c-driver"
| #define PACKAGE_VERSION "1.0.2"
| #define PACKAGE_STRING "mongo-c-driver 1.0.2"
| #define PACKAGE_BUGREPORT "https://jira.mongodb.org/browse/CDRIVER"
| #define PACKAGE_URL ""
| #define HAVE_TYPEOF 1
| #define STDC_HEADERS 1
| #define HAVE_SYS_TYPES_H 1
| #define HAVE_SYS_STAT_H 1
| #define HAVE_STDLIB_H 1
| #define HAVE_STRING_H 1
| #define HAVE_MEMORY_H 1
| #define HAVE_STRINGS_H 1
| #define HAVE_INTTYPES_H 1
| #define HAVE_STDINT_H 1
| #define HAVE_UNISTD_H 1
| #define HAVE_DLFCN_H 1
| #define LT_OBJDIR ".libs/"
| /* end confdefs.h.  */
| #include <openssl/bio.h>
configure:16387: result: no
configure:16387: checking for openssl/bio.h
configure:16387: result: no
configure:16387: checking openssl/ssl.h usability
configure:16387: gcc -c   conftest.c >&5
conftest.c:55:25: fatal error: openssl/ssl.h: No such file or directory
 #include <openssl/ssl.h>
                         ^
compilation terminated.
configure:16387: $? = 1
configure: failed program was:
| /* confdefs.h */
| #define PACKAGE_NAME "mongo-c-driver"
| #define PACKAGE_TARNAME "mongo-c-driver"
| #define PACKAGE_VERSION "1.0.2"
| #define PACKAGE_STRING "mongo-c-driver 1.0.2"
| #define PACKAGE_BUGREPORT "https://jira.mongodb.org/browse/CDRIVER"
| #define PACKAGE_URL ""
| #define HAVE_TYPEOF 1
| #define STDC_HEADERS 1
| #define HAVE_SYS_TYPES_H 1
| #define HAVE_SYS_STAT_H 1
| #define HAVE_STDLIB_H 1
| #define HAVE_STRING_H 1
| #define HAVE_MEMORY_H 1
| #define HAVE_STRINGS_H 1
| #define HAVE_INTTYPES_H 1
| #define HAVE_STDINT_H 1
| #define HAVE_UNISTD_H 1
| #define HAVE_DLFCN_H 1
| #define LT_OBJDIR ".libs/"
| /* end confdefs.h.  */
| #include <stdio.h>
| #ifdef HAVE_SYS_TYPES_H
| # include <sys/types.h>
| #endif
| #ifdef HAVE_SYS_STAT_H
| # include <sys/stat.h>
| #endif
| #ifdef STDC_HEADERS
| # include <stdlib.h>
| # include <stddef.h>
| #else
| # ifdef HAVE_STDLIB_H
| #  include <stdlib.h>
| # endif
| #endif
| #ifdef HAVE_STRING_H
| # if !defined STDC_HEADERS && defined HAVE_MEMORY_H
| #  include <memory.h>
| # endif
| # include <string.h>
| #endif
| #ifdef HAVE_STRINGS_H
| # include <strings.h>
| #endif
| #ifdef HAVE_INTTYPES_H
| # include <inttypes.h>
| #endif
| #ifdef HAVE_STDINT_H
| # include <stdint.h>
| #endif
| #ifdef HAVE_UNISTD_H
| # include <unistd.h>
| #endif
| #include <openssl/ssl.h>
configure:16387: result: no
configure:16387: checking openssl/ssl.h presence
configure:16387: gcc -E  conftest.c
conftest.c:22:25: fatal error: openssl/ssl.h: No such file or directory
 #include <openssl/ssl.h>
                         ^
compilation terminated.
configure:16387: $? = 1
configure: failed program was:
| /* confdefs.h */
| #define PACKAGE_NAME "mongo-c-driver"
| #define PACKAGE_TARNAME "mongo-c-driver"
| #define PACKAGE_VERSION "1.0.2"
| #define PACKAGE_STRING "mongo-c-driver 1.0.2"
| #define PACKAGE_BUGREPORT "https://jira.mongodb.org/browse/CDRIVER"
| #define PACKAGE_URL ""
| #define HAVE_TYPEOF 1
| #define STDC_HEADERS 1
| #define HAVE_SYS_TYPES_H 1
| #define HAVE_SYS_STAT_H 1
| #define HAVE_STDLIB_H 1
| #define HAVE_STRING_H 1
| #define HAVE_MEMORY_H 1
| #define HAVE_STRINGS_H 1
| #define HAVE_INTTYPES_H 1
| #define HAVE_STDINT_H 1
| #define HAVE_UNISTD_H 1
| #define HAVE_DLFCN_H 1
| #define LT_OBJDIR ".libs/"
| /* end confdefs.h.  */
| #include <openssl/ssl.h>
configure:16387: result: no
configure:16387: checking for openssl/ssl.h
configure:16387: result: no
configure:16387: checking openssl/err.h usability
configure:16387: gcc -c   conftest.c >&5
conftest.c:55:25: fatal error: openssl/err.h: No such file or directory
 #include <openssl/err.h>
                         ^
compilation terminated.
configure:16387: $? = 1
configure: failed program was:
| /* confdefs.h */
| #define PACKAGE_NAME "mongo-c-driver"
| #define PACKAGE_TARNAME "mongo-c-driver"
| #define PACKAGE_VERSION "1.0.2"
| #define PACKAGE_STRING "mongo-c-driver 1.0.2"
| #define PACKAGE_BUGREPORT "https://jira.mongodb.org/browse/CDRIVER"
| #define PACKAGE_URL ""
| #define HAVE_TYPEOF 1
| #define STDC_HEADERS 1
| #define HAVE_SYS_TYPES_H 1
| #define HAVE_SYS_STAT_H 1
| #define HAVE_STDLIB_H 1
| #define HAVE_STRING_H 1
| #define HAVE_MEMORY_H 1
| #define HAVE_STRINGS_H 1
| #define HAVE_INTTYPES_H 1
| #define HAVE_STDINT_H 1
| #define HAVE_UNISTD_H 1
| #define HAVE_DLFCN_H 1
| #define LT_OBJDIR ".libs/"
| /* end confdefs.h.  */
| #include <stdio.h>
| #ifdef HAVE_SYS_TYPES_H
| # include <sys/types.h>
| #endif
| #ifdef HAVE_SYS_STAT_H
| # include <sys/stat.h>
| #endif
| #ifdef STDC_HEADERS
| # include <stdlib.h>
| # include <stddef.h>
| #else
| # ifdef HAVE_STDLIB_H
| #  include <stdlib.h>
| # endif
| #endif
| #ifdef HAVE_STRING_H
| # if !defined STDC_HEADERS && defined HAVE_MEMORY_H
| #  include <memory.h>
| # endif
| # include <string.h>
| #endif
| #ifdef HAVE_STRINGS_H
| # include <strings.h>
| #endif
| #ifdef HAVE_INTTYPES_H
| # include <inttypes.h>
| #endif
| #ifdef HAVE_STDINT_H
| # include <stdint.h>
| #endif
| #ifdef HAVE_UNISTD_H
| # include <unistd.h>
| #endif
| #include <openssl/err.h>
configure:16387: result: no
configure:16387: checking openssl/err.h presence
configure:16387: gcc -E  conftest.c
conftest.c:22:25: fatal error: openssl/err.h: No such file or directory
 #include <openssl/err.h>
                         ^
compilation terminated.
configure:16387: $? = 1
configure: failed program was:
| /* confdefs.h */
| #define PACKAGE_NAME "mongo-c-driver"
| #define PACKAGE_TARNAME "mongo-c-driver"
| #define PACKAGE_VERSION "1.0.2"
| #define PACKAGE_STRING "mongo-c-driver 1.0.2"
| #define PACKAGE_BUGREPORT "https://jira.mongodb.org/browse/CDRIVER"
| #define PACKAGE_URL ""
| #define HAVE_TYPEOF 1
| #define STDC_HEADERS 1
| #define HAVE_SYS_TYPES_H 1
| #define HAVE_SYS_STAT_H 1
| #define HAVE_STDLIB_H 1
| #define HAVE_STRING_H 1
| #define HAVE_MEMORY_H 1
| #define HAVE_STRINGS_H 1
| #define HAVE_INTTYPES_H 1
| #define HAVE_STDINT_H 1
| #define HAVE_UNISTD_H 1
| #define HAVE_DLFCN_H 1
| #define LT_OBJDIR ".libs/"
| /* end confdefs.h.  */
| #include <openssl/err.h>
configure:16387: result: no
configure:16387: checking for openssl/err.h
configure:16387: result: no
configure:16387: checking openssl/crypto.h usability
configure:16387: gcc -c   conftest.c >&5
conftest.c:55:28: fatal error: openssl/crypto.h: No such file or directory
 #include <openssl/crypto.h>
                            ^
compilation terminated.
configure:16387: $? = 1
configure: failed program was:
| /* confdefs.h */
| #define PACKAGE_NAME "mongo-c-driver"
| #define PACKAGE_TARNAME "mongo-c-driver"
| #define PACKAGE_VERSION "1.0.2"
| #define PACKAGE_STRING "mongo-c-driver 1.0.2"
| #define PACKAGE_BUGREPORT "https://jira.mongodb.org/browse/CDRIVER"
| #define PACKAGE_URL ""
| #define HAVE_TYPEOF 1
| #define STDC_HEADERS 1
| #define HAVE_SYS_TYPES_H 1
| #define HAVE_SYS_STAT_H 1
| #define HAVE_STDLIB_H 1
| #define HAVE_STRING_H 1
| #define HAVE_MEMORY_H 1
| #define HAVE_STRINGS_H 1
| #define HAVE_INTTYPES_H 1
| #define HAVE_STDINT_H 1
| #define HAVE_UNISTD_H 1
| #define HAVE_DLFCN_H 1
| #define LT_OBJDIR ".libs/"
| /* end confdefs.h.  */
| #include <stdio.h>
| #ifdef HAVE_SYS_TYPES_H
| # include <sys/types.h>
| #endif
| #ifdef HAVE_SYS_STAT_H
| # include <sys/stat.h>
| #endif
| #ifdef STDC_HEADERS
| # include <stdlib.h>
| # include <stddef.h>
| #else
| # ifdef HAVE_STDLIB_H
| #  include <stdlib.h>
| # endif
| #endif
| #ifdef HAVE_STRING_H
| # if !defined STDC_HEADERS && defined HAVE_MEMORY_H
| #  include <memory.h>
| # endif
| # include <string.h>
| #endif
| #ifdef HAVE_STRINGS_H
| # include <strings.h>
| #endif
| #ifdef HAVE_INTTYPES_H
| # include <inttypes.h>
| #endif
| #ifdef HAVE_STDINT_H
| # include <stdint.h>
| #endif
| #ifdef HAVE_UNISTD_H
| # include <unistd.h>
| #endif
| #include <openssl/crypto.h>
configure:16387: result: no
configure:16387: checking openssl/crypto.h presence
configure:16387: gcc -E  conftest.c
conftest.c:22:28: fatal error: openssl/crypto.h: No such file or directory
 #include <openssl/crypto.h>
                            ^
compilation terminated.
configure:16387: $? = 1
configure: failed program was:
| /* confdefs.h */
| #define PACKAGE_NAME "mongo-c-driver"
| #define PACKAGE_TARNAME "mongo-c-driver"
| #define PACKAGE_VERSION "1.0.2"
| #define PACKAGE_STRING "mongo-c-driver 1.0.2"
| #define PACKAGE_BUGREPORT "https://jira.mongodb.org/browse/CDRIVER"
| #define PACKAGE_URL ""
| #define HAVE_TYPEOF 1
| #define STDC_HEADERS 1
| #define HAVE_SYS_TYPES_H 1
| #define HAVE_SYS_STAT_H 1
| #define HAVE_STDLIB_H 1
| #define HAVE_STRING_H 1
| #define HAVE_MEMORY_H 1
| #define HAVE_STRINGS_H 1
| #define HAVE_INTTYPES_H 1
| #define HAVE_STDINT_H 1
| #define HAVE_UNISTD_H 1
| #define HAVE_DLFCN_H 1
| #define LT_OBJDIR ".libs/"
| /* end confdefs.h.  */
| #include <openssl/crypto.h>
configure:16387: result: no
configure:16387: checking for openssl/crypto.h
configure:16387: result: no
configure:16455: checking for BSON
configure:16514: result: no
configure:16537: checking for shm_open
configure:16537: gcc -o conftest    conftest.c  >&5
/tmp/cce4J5Ks.o: In function `main':
conftest.c:(.text+0xa): undefined reference to `shm_open'
collect2: error: ld returned 1 exit status
configure:16537: $? = 1
configure: failed program was:
| /* confdefs.h */
| #define PACKAGE_NAME "mongo-c-driver"
| #define PACKAGE_TARNAME "mongo-c-driver"
| #define PACKAGE_VERSION "1.0.2"
| #define PACKAGE_STRING "mongo-c-driver 1.0.2"
| #define PACKAGE_BUGREPORT "https://jira.mongodb.org/browse/CDRIVER"
| #define PACKAGE_URL ""
| #define HAVE_TYPEOF 1
| #define STDC_HEADERS 1
| #define HAVE_SYS_TYPES_H 1
| #define HAVE_SYS_STAT_H 1
| #define HAVE_STDLIB_H 1
| #define HAVE_STRING_H 1
| #define HAVE_MEMORY_H 1
| #define HAVE_STRINGS_H 1
| #define HAVE_INTTYPES_H 1
| #define HAVE_STDINT_H 1
| #define HAVE_UNISTD_H 1
| #define HAVE_DLFCN_H 1
| #define LT_OBJDIR ".libs/"
| /* end confdefs.h.  */
| /* Define shm_open to an innocuous variant, in case <limits.h> declares shm_open.
|    For example, HP-UX 11i <limits.h> declares gettimeofday.  */
| #define shm_open innocuous_shm_open
| 
| /* System header to define __stub macros and hopefully few prototypes,
|     which can conflict with char shm_open (); below.
|     Prefer <limits.h> to <assert.h> if __STDC__ is defined, since
|     <limits.h> exists even on freestanding compilers.  */
| 
| #ifdef __STDC__
| # include <limits.h>
| #else
| # include <assert.h>
| #endif
| 
| #undef shm_open
| 
| /* Override any GCC internal prototype to avoid an error.
|    Use char because int might match the return type of a GCC
|    builtin and then its argument prototype would still apply.  */
| #ifdef __cplusplus
| extern "C"
| #endif
| char shm_open ();
| /* The GNU C library defines this for functions which it implements
|     to always fail with ENOSYS.  Some functions are actually named
|     something starting with __ and the normal name is an alias.  */
| #if defined __stub_shm_open || defined __stub___shm_open
| choke me
| #endif
| 
| int
| main ()
| {
| return shm_open ();
|   ;
|   return 0;
| }
configure:16537: result: no
configure:16544: checking for shm_open in -lrt
configure:16569: gcc -o conftest    conftest.c -lrt   >&5
configure:16569: $? = 0
configure:16578: result: yes
configure:16594: checking for sched_getcpu
configure:16594: gcc -o conftest    conftest.c  >&5
configure:16594: $? = 0
configure:16594: result: yes
configure:16605: checking for library containing clock_gettime
configure:16636: gcc -o conftest    conftest.c  >&5
configure:16636: $? = 0
configure:16653: result: none required
configure:16785: checking if compiler needs -Werror to reject unknown flags
configure:16801: gcc -c  -Werror -Wunknown-warning-option -Wsizeof-array-argument  conftest.c >&5
gcc: error: unrecognized command line option '-Wunknown-warning-option'
gcc: error: unrecognized command line option '-Wsizeof-array-argument'
configure:16801: $? = 1
configure: failed program was:
| /* confdefs.h */
| #define PACKAGE_NAME "mongo-c-driver"
| #define PACKAGE_TARNAME "mongo-c-driver"
| #define PACKAGE_VERSION "1.0.2"
| #define PACKAGE_STRING "mongo-c-driver 1.0.2"
| #define PACKAGE_BUGREPORT "https://jira.mongodb.org/browse/CDRIVER"
| #define PACKAGE_URL ""
| #define HAVE_TYPEOF 1
| #define STDC_HEADERS 1
| #define HAVE_SYS_TYPES_H 1
| #define HAVE_SYS_STAT_H 1
| #define HAVE_STDLIB_H 1
| #define HAVE_STRING_H 1
| #define HAVE_MEMORY_H 1
| #define HAVE_STRINGS_H 1
| #define HAVE_INTTYPES_H 1
| #define HAVE_STDINT_H 1
| #define HAVE_UNISTD_H 1
| #define HAVE_DLFCN_H 1
| #define LT_OBJDIR ".libs/"
| #define HAVE_SCHED_GETCPU 1
| #define HAVE_CLOCK_GETTIME 1
| /* end confdefs.h.  */
| int foo(void);
| int
| main ()
| {
| foo()
|   ;
|   return 0;
| }
configure:16806: result: no
configure:16872: checking for the pthreads library -lpthreads
configure:16910: gcc -o conftest      conftest.c -lpthreads  >&5
/usr/bin/ld: cannot find -lpthreads
collect2: error: ld returned 1 exit status
configure:16910: $? = 1
configure: failed program was:
| /* confdefs.h */
| #define PACKAGE_NAME "mongo-c-driver"
| #define PACKAGE_TARNAME "mongo-c-driver"
| #define PACKAGE_VERSION "1.0.2"
| #define PACKAGE_STRING "mongo-c-driver 1.0.2"
| #define PACKAGE_BUGREPORT "https://jira.mongodb.org/browse/CDRIVER"
| #define PACKAGE_URL ""
| #define HAVE_TYPEOF 1
| #define STDC_HEADERS 1
| #define HAVE_SYS_TYPES_H 1
| #define HAVE_SYS_STAT_H 1
| #define HAVE_STDLIB_H 1
| #define HAVE_STRING_H 1
| #define HAVE_MEMORY_H 1
| #define HAVE_STRINGS_H 1
| #define HAVE_INTTYPES_H 1
| #define HAVE_STDINT_H 1
| #define HAVE_UNISTD_H 1
| #define HAVE_DLFCN_H 1
| #define LT_OBJDIR ".libs/"
| #define HAVE_SCHED_GETCPU 1
| #define HAVE_CLOCK_GETTIME 1
| /* end confdefs.h.  */
| #include <pthread.h>
|                         static void routine(void *a) { a = 0; }
|                         static void *start_routine(void *a) { return a; }
| int
| main ()
| {
| pthread_t th; pthread_attr_t attr;
|                         pthread_create(&th, 0, start_routine, 0);
|                         pthread_join(th, 0);
|                         pthread_attr_init(&attr);
|                         pthread_cleanup_push(routine, 0);
|                         pthread_cleanup_pop(0) /* ; */
|   ;
|   return 0;
| }
configure:16919: result: no
configure:16817: checking whether pthreads work without any flags
configure:16910: gcc -o conftest      conftest.c   >&5
/tmp/ccAcUA1z.o: In function `main':
conftest.c:(.text+0x55): undefined reference to `pthread_create'
conftest.c:(.text+0x69): undefined reference to `pthread_join'
conftest.c:(.text+0xe3): undefined reference to `__pthread_register_cancel'
conftest.c:(.text+0xf2): undefined reference to `__pthread_unregister_cancel'
collect2: error: ld returned 1 exit status
configure:16910: $? = 1
configure: failed program was:
| /* confdefs.h */
| #define PACKAGE_NAME "mongo-c-driver"
| #define PACKAGE_TARNAME "mongo-c-driver"
| #define PACKAGE_VERSION "1.0.2"
| #define PACKAGE_STRING "mongo-c-driver 1.0.2"
| #define PACKAGE_BUGREPORT "https://jira.mongodb.org/browse/CDRIVER"
| #define PACKAGE_URL ""
| #define HAVE_TYPEOF 1
| #define STDC_HEADERS 1
| #define HAVE_SYS_TYPES_H 1
| #define HAVE_SYS_STAT_H 1
| #define HAVE_STDLIB_H 1
| #define HAVE_STRING_H 1
| #define HAVE_MEMORY_H 1
| #define HAVE_STRINGS_H 1
| #define HAVE_INTTYPES_H 1
| #define HAVE_STDINT_H 1
| #define HAVE_UNISTD_H 1
| #define HAVE_DLFCN_H 1
| #define LT_OBJDIR ".libs/"
| #define HAVE_SCHED_GETCPU 1
| #define HAVE_CLOCK_GETTIME 1
| /* end confdefs.h.  */
| #include <pthread.h>
|                         static void routine(void *a) { a = 0; }
|                         static void *start_routine(void *a) { return a; }
| int
| main ()
| {
| pthread_t th; pthread_attr_t attr;
|                         pthread_create(&th, 0, start_routine, 0);
|                         pthread_join(th, 0);
|                         pthread_attr_init(&attr);
|                         pthread_cleanup_push(routine, 0);
|                         pthread_cleanup_pop(0) /* ; */
|   ;
|   return 0;
| }
configure:16919: result: no
configure:16822: checking whether pthreads work with -Kthread
configure:16910: gcc -o conftest  -Kthread    conftest.c   >&5
gcc: error: unrecognized command line option '-Kthread'
configure:16910: $? = 1
configure: failed program was:
| /* confdefs.h */
| #define PACKAGE_NAME "mongo-c-driver"
| #define PACKAGE_TARNAME "mongo-c-driver"
| #define PACKAGE_VERSION "1.0.2"
| #define PACKAGE_STRING "mongo-c-driver 1.0.2"
| #define PACKAGE_BUGREPORT "https://jira.mongodb.org/browse/CDRIVER"
| #define PACKAGE_URL ""
| #define HAVE_TYPEOF 1
| #define STDC_HEADERS 1
| #define HAVE_SYS_TYPES_H 1
| #define HAVE_SYS_STAT_H 1
| #define HAVE_STDLIB_H 1
| #define HAVE_STRING_H 1
| #define HAVE_MEMORY_H 1
| #define HAVE_STRINGS_H 1
| #define HAVE_INTTYPES_H 1
| #define HAVE_STDINT_H 1
| #define HAVE_UNISTD_H 1
| #define HAVE_DLFCN_H 1
| #define LT_OBJDIR ".libs/"
| #define HAVE_SCHED_GETCPU 1
| #define HAVE_CLOCK_GETTIME 1
| /* end confdefs.h.  */
| #include <pthread.h>
|                         static void routine(void *a) { a = 0; }
|                         static void *start_routine(void *a) { return a; }
| int
| main ()
| {
| pthread_t th; pthread_attr_t attr;
|                         pthread_create(&th, 0, start_routine, 0);
|                         pthread_join(th, 0);
|                         pthread_attr_init(&attr);
|                         pthread_cleanup_push(routine, 0);
|                         pthread_cleanup_pop(0) /* ; */
|   ;
|   return 0;
| }
configure:16919: result: no
configure:16822: checking whether pthreads work with -kthread
configure:16910: gcc -o conftest  -kthread    conftest.c   >&5
gcc: error: unrecognized command line option '-kthread'
configure:16910: $? = 1
configure: failed program was:
| /* confdefs.h */
| #define PACKAGE_NAME "mongo-c-driver"
| #define PACKAGE_TARNAME "mongo-c-driver"
| #define PACKAGE_VERSION "1.0.2"
| #define PACKAGE_STRING "mongo-c-driver 1.0.2"
| #define PACKAGE_BUGREPORT "https://jira.mongodb.org/browse/CDRIVER"
| #define PACKAGE_URL ""
| #define HAVE_TYPEOF 1
| #define STDC_HEADERS 1
| #define HAVE_SYS_TYPES_H 1
| #define HAVE_SYS_STAT_H 1
| #define HAVE_STDLIB_H 1
| #define HAVE_STRING_H 1
| #define HAVE_MEMORY_H 1
| #define HAVE_STRINGS_H 1
| #define HAVE_INTTYPES_H 1
| #define HAVE_STDINT_H 1
| #define HAVE_UNISTD_H 1
| #define HAVE_DLFCN_H 1
| #define LT_OBJDIR ".libs/"
| #define HAVE_SCHED_GETCPU 1
| #define HAVE_CLOCK_GETTIME 1
| /* end confdefs.h.  */
| #include <pthread.h>
|                         static void routine(void *a) { a = 0; }
|                         static void *start_routine(void *a) { return a; }
| int
| main ()
| {
| pthread_t th; pthread_attr_t attr;
|                         pthread_create(&th, 0, start_routine, 0);
|                         pthread_join(th, 0);
|                         pthread_attr_init(&attr);
|                         pthread_cleanup_push(routine, 0);
|                         pthread_cleanup_pop(0) /* ; */
|   ;
|   return 0;
| }
configure:16919: result: no
configure:16872: checking for the pthreads library -llthread
configure:16910: gcc -o conftest      conftest.c -llthread  >&5
/usr/bin/ld: cannot find -llthread
collect2: error: ld returned 1 exit status
configure:16910: $? = 1
configure: failed program was:
| /* confdefs.h */
| #define PACKAGE_NAME "mongo-c-driver"
| #define PACKAGE_TARNAME "mongo-c-driver"
| #define PACKAGE_VERSION "1.0.2"
| #define PACKAGE_STRING "mongo-c-driver 1.0.2"
| #define PACKAGE_BUGREPORT "https://jira.mongodb.org/browse/CDRIVER"
| #define PACKAGE_URL ""
| #define HAVE_TYPEOF 1
| #define STDC_HEADERS 1
| #define HAVE_SYS_TYPES_H 1
| #define HAVE_SYS_STAT_H 1
| #define HAVE_STDLIB_H 1
| #define HAVE_STRING_H 1
| #define HAVE_MEMORY_H 1
| #define HAVE_STRINGS_H 1
| #define HAVE_INTTYPES_H 1
| #define HAVE_STDINT_H 1
| #define HAVE_UNISTD_H 1
| #define HAVE_DLFCN_H 1
| #define LT_OBJDIR ".libs/"
| #define HAVE_SCHED_GETCPU 1
| #define HAVE_CLOCK_GETTIME 1
| /* end confdefs.h.  */
| #include <pthread.h>
|                         static void routine(void *a) { a = 0; }
|                         static void *start_routine(void *a) { return a; }
| int
| main ()
| {
| pthread_t th; pthread_attr_t attr;
|                         pthread_create(&th, 0, start_routine, 0);
|                         pthread_join(th, 0);
|                         pthread_attr_init(&attr);
|                         pthread_cleanup_push(routine, 0);
|                         pthread_cleanup_pop(0) /* ; */
|   ;
|   return 0;
| }
configure:16919: result: no
configure:16822: checking whether pthreads work with -pthread
configure:16910: gcc -o conftest  -pthread    conftest.c   >&5
configure:16910: $? = 0
configure:16919: result: yes
configure:16938: checking for joinable pthread attribute
configure:16953: gcc -o conftest  -pthread   conftest.c   >&5
configure:16953: $? = 0
configure:16959: result: PTHREAD_CREATE_JOINABLE
configure:16969: checking if more special flags are required for pthreads
configure:16984: result: no
configure:16990: checking for PTHREAD_PRIO_INHERIT
configure:17007: gcc -o conftest  -pthread   conftest.c   >&5
configure:17007: $? = 0
configure:17016: result: yes
configure:17150: checking whether C compiler accepts -fno-strict-overflow
configure:17169: ./scripts/wrap-compiler-for-flag-check gcc -c  -Werror  -fno-strict-overflow  conftest.c >&5
./configure: line 1684: ./scripts/wrap-compiler-for-flag-check: No such file or directory
configure:17169: $? = 127
configure: failed program was:
| /* confdefs.h */
| #define PACKAGE_NAME "mongo-c-driver"
| #define PACKAGE_TARNAME "mongo-c-driver"
| #define PACKAGE_VERSION "1.0.2"
| #define PACKAGE_STRING "mongo-c-driver 1.0.2"
| #define PACKAGE_BUGREPORT "https://jira.mongodb.org/browse/CDRIVER"
| #define PACKAGE_URL ""
| #define HAVE_TYPEOF 1
| #define STDC_HEADERS 1
| #define HAVE_SYS_TYPES_H 1
| #define HAVE_SYS_STAT_H 1
| #define HAVE_STDLIB_H 1
| #define HAVE_STRING_H 1
| #define HAVE_MEMORY_H 1
| #define HAVE_STRINGS_H 1
| #define HAVE_INTTYPES_H 1
| #define HAVE_STDINT_H 1
| #define HAVE_UNISTD_H 1
| #define HAVE_DLFCN_H 1
| #define LT_OBJDIR ".libs/"
| #define HAVE_SCHED_GETCPU 1
| #define HAVE_CLOCK_GETTIME 1
| #define HAVE_PTHREAD_PRIO_INHERIT 1
| #define HAVE_PTHREAD 1
| /* end confdefs.h.  */
| 
| int
| main ()
| {
| 
|   ;
|   return 0;
| }
configure:17177: result: no
configure:17245: checking whether C compiler accepts -D_FORTIFY_SOURCE=2
configure:17264: ./scripts/wrap-compiler-for-flag-check gcc -c  -Werror  -D_FORTIFY_SOURCE=2  conftest.c >&5
./configure: line 1684: ./scripts/wrap-compiler-for-flag-check: No such file or directory
configure:17264: $? = 127
configure: failed program was:
| /* confdefs.h */
| #define PACKAGE_NAME "mongo-c-driver"
| #define PACKAGE_TARNAME "mongo-c-driver"
| #define PACKAGE_VERSION "1.0.2"
| #define PACKAGE_STRING "mongo-c-driver 1.0.2"
| #define PACKAGE_BUGREPORT "https://jira.mongodb.org/browse/CDRIVER"
| #define PACKAGE_URL ""
| #define HAVE_TYPEOF 1
| #define STDC_HEADERS 1
| #define HAVE_SYS_TYPES_H 1
| #define HAVE_SYS_STAT_H 1
| #define HAVE_STDLIB_H 1
| #define HAVE_STRING_H 1
| #define HAVE_MEMORY_H 1
| #define HAVE_STRINGS_H 1
| #define HAVE_INTTYPES_H 1
| #define HAVE_STDINT_H 1
| #define HAVE_UNISTD_H 1
| #define HAVE_DLFCN_H 1
| #define LT_OBJDIR ".libs/"
| #define HAVE_SCHED_GETCPU 1
| #define HAVE_CLOCK_GETTIME 1
| #define HAVE_PTHREAD_PRIO_INHERIT 1
| #define HAVE_PTHREAD 1
| /* end confdefs.h.  */
| 
| int
| main ()
| {
| 
|   ;
|   return 0;
| }
configure:17272: result: no
configure:17339: checking whether C compiler accepts -fstack-protector-all
configure:17358: ./scripts/wrap-compiler-for-flag-check gcc -c  -Werror  -fstack-protector-all  conftest.c >&5
./configure: line 1684: ./scripts/wrap-compiler-for-flag-check: No such file or directory
configure:17358: $? = 127
configure: failed program was:
| /* confdefs.h */
| #define PACKAGE_NAME "mongo-c-driver"
| #define PACKAGE_TARNAME "mongo-c-driver"
| #define PACKAGE_VERSION "1.0.2"
| #define PACKAGE_STRING "mongo-c-driver 1.0.2"
| #define PACKAGE_BUGREPORT "https://jira.mongodb.org/browse/CDRIVER"
| #define PACKAGE_URL ""
| #define HAVE_TYPEOF 1
| #define STDC_HEADERS 1
| #define HAVE_SYS_TYPES_H 1
| #define HAVE_SYS_STAT_H 1
| #define HAVE_STDLIB_H 1
| #define HAVE_STRING_H 1
| #define HAVE_MEMORY_H 1
| #define HAVE_STRINGS_H 1
| #define HAVE_INTTYPES_H 1
| #define HAVE_STDINT_H 1
| #define HAVE_UNISTD_H 1
| #define HAVE_DLFCN_H 1
| #define LT_OBJDIR ".libs/"
| #define HAVE_SCHED_GETCPU 1
| #define HAVE_CLOCK_GETTIME 1
| #define HAVE_PTHREAD_PRIO_INHERIT 1
| #define HAVE_PTHREAD 1
| /* end confdefs.h.  */
| 
| int
| main ()
| {
| 
|   ;
|   return 0;
| }
configure:17366: result: no
configure:17657: checking whether C compiler accepts -fPIE
configure:17676: ./scripts/wrap-compiler-for-flag-check gcc -c  -Werror  -fPIE  conftest.c >&5
./configure: line 1684: ./scripts/wrap-compiler-for-flag-check: No such file or directory
configure:17676: $? = 127
configure: failed program was:
| /* confdefs.h */
| #define PACKAGE_NAME "mongo-c-driver"
| #define PACKAGE_TARNAME "mongo-c-driver"
| #define PACKAGE_VERSION "1.0.2"
| #define PACKAGE_STRING "mongo-c-driver 1.0.2"
| #define PACKAGE_BUGREPORT "https://jira.mongodb.org/browse/CDRIVER"
| #define PACKAGE_URL ""
| #define HAVE_TYPEOF 1
| #define STDC_HEADERS 1
| #define HAVE_SYS_TYPES_H 1
| #define HAVE_SYS_STAT_H 1
| #define HAVE_STDLIB_H 1
| #define HAVE_STRING_H 1
| #define HAVE_MEMORY_H 1
| #define HAVE_STRINGS_H 1
| #define HAVE_INTTYPES_H 1
| #define HAVE_STDINT_H 1
| #define HAVE_UNISTD_H 1
| #define HAVE_DLFCN_H 1
| #define LT_OBJDIR ".libs/"
| #define HAVE_SCHED_GETCPU 1
| #define HAVE_CLOCK_GETTIME 1
| #define HAVE_PTHREAD_PRIO_INHERIT 1
| #define HAVE_PTHREAD 1
| /* end confdefs.h.  */
| 
| int
| main ()
| {
| 
|   ;
|   return 0;
| }
configure:17684: result: no
configure:17817: checking whether the linker accepts -Wl,-z,relro
configure:17836: ./scripts/wrap-compiler-for-flag-check gcc -o conftest    -Werror  -Wl,-z,relro conftest.c  >&5
./configure: line 1760: ./scripts/wrap-compiler-for-flag-check: No such file or directory
configure:17836: $? = 127
configure: failed program was:
| /* confdefs.h */
| #define PACKAGE_NAME "mongo-c-driver"
| #define PACKAGE_TARNAME "mongo-c-driver"
| #define PACKAGE_VERSION "1.0.2"
| #define PACKAGE_STRING "mongo-c-driver 1.0.2"
| #define PACKAGE_BUGREPORT "https://jira.mongodb.org/browse/CDRIVER"
| #define PACKAGE_URL ""
| #define HAVE_TYPEOF 1
| #define STDC_HEADERS 1
| #define HAVE_SYS_TYPES_H 1
| #define HAVE_SYS_STAT_H 1
| #define HAVE_STDLIB_H 1
| #define HAVE_STRING_H 1
| #define HAVE_MEMORY_H 1
| #define HAVE_STRINGS_H 1
| #define HAVE_INTTYPES_H 1
| #define HAVE_STDINT_H 1
| #define HAVE_UNISTD_H 1
| #define HAVE_DLFCN_H 1
| #define LT_OBJDIR ".libs/"
| #define HAVE_SCHED_GETCPU 1
| #define HAVE_CLOCK_GETTIME 1
| #define HAVE_PTHREAD_PRIO_INHERIT 1
| #define HAVE_PTHREAD 1
| /* end confdefs.h.  */
| 
| int
| main ()
| {
| 
|   ;
|   return 0;
| }
configure:17845: result: no
configure:19767: checking whether the linker accepts -Wl,-Bsymbolic
configure:19786: gcc -o conftest    -Werror  -Wl,-Bsymbolic conftest.c  >&5
configure:19786: $? = 0
configure:19795: result: yes
configure:19848: checking whether build environment is sane
configure:19903: result: yes
configure:20051: checking for a thread-safe mkdir -p
configure:20090: result: /bin/mkdir -p
configure:20093: checking whether make sets $(MAKE)
configure:20119: result: no
configure:20145: checking for style of include used by make
configure:20173: result: none
configure:20207: checking whether make supports nested variables
configure:20224: result: no
configure:20313: checking whether UID '1001' is supported by ustar format
configure:20316: result: yes
configure:20323: checking whether GID '1001' is supported by ustar format
configure:20326: result: yes
configure:20334: checking how to create a ustar tar archive
configure:20345: tar --version
tar (GNU tar) 1.27.1
Copyright (C) 2013 Free Software Foundation, Inc.
License GPLv3+: GNU GPL version 3 or later <http://gnu.org/licenses/gpl.html>.
This is free software: you are free to change and redistribute it.
There is NO WARRANTY, to the extent permitted by law.

Written by John Gilmore and Jay Fenlason.
configure:20348: $? = 0
configure:20388: tardir=conftest.dir && eval tar --format=ustar -chf - "$tardir" >conftest.tar
configure:20391: $? = 0
configure:20395: tar -xf - <conftest.tar
configure:20398: $? = 0
configure:20400: cat conftest.dir/file
GrepMe
configure:20403: $? = 0
configure:20416: result: gnutar
configure:20425: checking dependency style of gcc
configure:20536: result: none
configure:20553: checking dependency style of g++
configure:20664: result: none
configure:20722: checking whether to enable maintainer-specific portions of Makefiles
configure:20731: result: yes
configure:20755: checking whether make supports nested variables
configure:20772: result: no
configure:21307: checking that generated files are newer than configure
configure:21313: result: done
configure:21420: creating ./config.status

## ---------------------- ##
## Running config.status. ##
## ---------------------- ##

This file was extended by mongo-c-driver config.status 1.0.2, which was
generated by GNU Autoconf 2.69.  Invocation command line was

  CONFIG_FILES    = 
  CONFIG_HEADERS  = 
  CONFIG_LINKS    = 
  CONFIG_COMMANDS = 
  $ ./config.status 

on ubuntu

config.status:1159: creating Makefile
config.status:1159: creating build/version
config.status:1159: creating src/libmongoc-1.0.pc
config.status:1159: creating src/libmongoc-ssl-1.0.pc
config.status:1159: creating src/libmongoc-priv.pc
config.status:1159: creating src/mongoc/mongoc-config.h
config.status:1159: creating src/mongoc/mongoc-version.h
config.status:1331: executing libtool commands
config.status:1331: executing depfiles commands
configure:23799: === configuring in src/libbson (/home/hduser/cloud/mongodb/mongo-c-driver-1.0.2/src/libbson)
configure:23862: running /bin/bash ./configure --disable-option-checking '--prefix=/usr'  '--libdir=/usr/lib64' --cache-file=/dev/null --srcdir=.

## ---------------- ##
## Cache variables. ##
## ---------------- ##

ac_cv_build=x86_64-unknown-linux-gnu
ac_cv_c_compiler_gnu=yes
ac_cv_c_const=yes
ac_cv_c_inline=inline
ac_cv_c_typeof=typeof
ac_cv_cxx_compiler_gnu=no
ac_cv_env_BSON_CFLAGS_set=
ac_cv_env_BSON_CFLAGS_value=
ac_cv_env_BSON_LIBS_set=
ac_cv_env_BSON_LIBS_value=
ac_cv_env_CCC_set=
ac_cv_env_CCC_value=
ac_cv_env_CC_set=
ac_cv_env_CC_value=
ac_cv_env_CFLAGS_set=
ac_cv_env_CFLAGS_value=
ac_cv_env_CPPFLAGS_set=
ac_cv_env_CPPFLAGS_value=
ac_cv_env_CPP_set=
ac_cv_env_CPP_value=
ac_cv_env_CXXCPP_set=
ac_cv_env_CXXCPP_value=
ac_cv_env_CXXFLAGS_set=
ac_cv_env_CXXFLAGS_value=
ac_cv_env_CXX_set=
ac_cv_env_CXX_value=
ac_cv_env_LDFLAGS_set=
ac_cv_env_LDFLAGS_value=
ac_cv_env_LIBS_set=
ac_cv_env_LIBS_value=
ac_cv_env_PKG_CONFIG_LIBDIR_set=
ac_cv_env_PKG_CONFIG_LIBDIR_value=
ac_cv_env_PKG_CONFIG_PATH_set=
ac_cv_env_PKG_CONFIG_PATH_value=
ac_cv_env_PKG_CONFIG_set=
ac_cv_env_PKG_CONFIG_value=
ac_cv_env_SASL_CFLAGS_set=
ac_cv_env_SASL_CFLAGS_value=
ac_cv_env_SASL_LIBS_set=
ac_cv_env_SASL_LIBS_value=
ac_cv_env_SSL_CFLAGS_set=
ac_cv_env_SSL_CFLAGS_value=
ac_cv_env_SSL_LIBS_set=
ac_cv_env_SSL_LIBS_value=
ac_cv_env_build_alias_set=
ac_cv_env_build_alias_value=
ac_cv_env_host_alias_set=
ac_cv_env_host_alias_value=
ac_cv_env_target_alias_set=
ac_cv_env_target_alias_value=
ac_cv_func_sched_getcpu=yes
ac_cv_func_shm_open=no
ac_cv_header_dlfcn_h=yes
ac_cv_header_inttypes_h=yes
ac_cv_header_memory_h=yes
ac_cv_header_openssl_bio_h=no
ac_cv_header_openssl_crypto_h=no
ac_cv_header_openssl_err_h=no
ac_cv_header_openssl_ssl_h=no
ac_cv_header_sasl_sasl_h=no
ac_cv_header_stdc=yes
ac_cv_header_stdint_h=yes
ac_cv_header_stdlib_h=yes
ac_cv_header_string_h=yes
ac_cv_header_strings_h=yes
ac_cv_header_sys_stat_h=yes
ac_cv_header_sys_types_h=yes
ac_cv_header_unistd_h=yes
ac_cv_host=x86_64-unknown-linux-gnu
ac_cv_lib_crypto_CRYPTO_set_locking_callback=no
ac_cv_lib_rt_shm_open=yes
ac_cv_lib_sasl2_sasl_client_init=no
ac_cv_lib_sasl_sasl_client_init=no
ac_cv_lib_ssl_SSL_library_init=no
ac_cv_objext=o
ac_cv_path_EGREP='/bin/grep -E'
ac_cv_path_FGREP='/bin/grep -F'
ac_cv_path_GREP=/bin/grep
ac_cv_path_MV=/bin/mv
ac_cv_path_PERL=/usr/bin/perl
ac_cv_path_PYTHON=/usr/bin/python
ac_cv_path_SED=/bin/sed
ac_cv_path_install='/usr/bin/install -c'
ac_cv_path_mkdir=/bin/mkdir
ac_cv_prog_AWK=gawk
ac_cv_prog_CPP='gcc -E'
ac_cv_prog_ac_ct_AR=ar
ac_cv_prog_ac_ct_CC=gcc
ac_cv_prog_ac_ct_DLLTOOL=dlltool
ac_cv_prog_ac_ct_MANIFEST_TOOL=mt
ac_cv_prog_ac_ct_OBJDUMP=objdump
ac_cv_prog_ac_ct_RANLIB=ranlib
ac_cv_prog_ac_ct_STRIP=strip
ac_cv_prog_cc_c89=
ac_cv_prog_cc_g=yes
ac_cv_prog_cxx_g=no
ac_cv_prog_make_make_set=no
ac_cv_search_clock_gettime='none required'
ac_cv_target=x86_64-unknown-linux-gnu
am_cv_CC_dependencies_compiler_type=none
am_cv_CXX_dependencies_compiler_type=none
am_cv_make_support_nested_variables=no
am_cv_prog_cc_c_o=yes
am_cv_prog_tar_ustar=gnutar
ax_cv_PTHREAD_PRIO_INHERIT=yes
ax_cv_check_cflags__Werror___D_FORTIFY_SOURCE_2=no
ax_cv_check_cflags__Werror___fPIE=no
ax_cv_check_cflags__Werror___fno_strict_overflow=no
ax_cv_check_cflags__Werror___fstack_protector_all=no
ax_cv_check_ldflags__Werror___Wl__Bsymbolic=yes
ax_cv_check_ldflags__Werror___Wl__z_relro=no
lt_cv_ar_at_file=@
lt_cv_archive_cmds_need_lc=no
lt_cv_deplibs_check_method=pass_all
lt_cv_file_magic_cmd='$MAGIC_CMD'
lt_cv_file_magic_test_file=
lt_cv_ld_reload_flag=-r
lt_cv_nm_interface='BSD nm'
lt_cv_objdir=.libs
lt_cv_path_LD=/usr/bin/ld
lt_cv_path_NM='/usr/bin/nm -B'
lt_cv_path_mainfest_tool=no
lt_cv_prog_compiler_c_o=yes
lt_cv_prog_compiler_pic='-fPIC -DPIC'
lt_cv_prog_compiler_pic_works=yes
lt_cv_prog_compiler_rtti_exceptions=no
lt_cv_prog_compiler_static_works=yes
lt_cv_prog_gnu_ld=yes
lt_cv_sharedlib_from_linklib_cmd='printf %s\n'
lt_cv_shlibpath_overrides_runpath=no
lt_cv_sys_global_symbol_pipe='sed -n -e '\''s/^.*[	 ]\([ABCDGIRSTW][ABCDGIRSTW]*\)[	 ][	 ]*\([_A-Za-z][_A-Za-z0-9]*\)$/\1 \2 \2/p'\'' | sed '\''/ __gnu_lto/d'\'''
lt_cv_sys_global_symbol_to_c_name_address='sed -n -e '\''s/^: \([^ ]*\)[ ]*$/  {\"\1\", (void *) 0},/p'\'' -e '\''s/^[ABCDGIRSTW]* \([^ ]*\) \([^ ]*\)$/  {"\2", (void *) \&\2},/p'\'''
lt_cv_sys_global_symbol_to_c_name_address_lib_prefix='sed -n -e '\''s/^: \([^ ]*\)[ ]*$/  {\"\1\", (void *) 0},/p'\'' -e '\''s/^[ABCDGIRSTW]* \([^ ]*\) \(lib[^ ]*\)$/  {"\2", (void *) \&\2},/p'\'' -e '\''s/^[ABCDGIRSTW]* \([^ ]*\) \([^ ]*\)$/  {"lib\2", (void *) \&\2},/p'\'''
lt_cv_sys_global_symbol_to_cdecl='sed -n -e '\''s/^T .* \(.*\)$/extern int \1();/p'\'' -e '\''s/^[ABCDGIRSTW]* .* \(.*\)$/extern char \1;/p'\'''
lt_cv_sys_max_cmd_len=1572864
lt_cv_to_host_file_cmd=func_convert_file_noop
lt_cv_to_tool_file_cmd=func_convert_file_noop

## ----------------- ##
## Output variables. ##
## ----------------- ##

ACLOCAL='${SHELL} /home/hduser/cloud/mongodb/mongo-c-driver-1.0.2/build/autotools/missing aclocal-1.14'
ACLOCAL_AMFLAGS='-I build/autotools'
AMDEPBACKSLASH='\'
AMDEP_FALSE='#'
AMDEP_TRUE=''
AMTAR='$${TAR-tar}'
AM_BACKSLASH='\'
AM_DEFAULT_V='0'
AM_DEFAULT_VERBOSITY='0'
AM_V='0'
AR='ar'
AS='as'
AUTOCONF='${SHELL} /home/hduser/cloud/mongodb/mongo-c-driver-1.0.2/build/autotools/missing autoconf'
AUTOHEADER='${SHELL} /home/hduser/cloud/mongodb/mongo-c-driver-1.0.2/build/autotools/missing autoheader'
AUTOMAKE='${SHELL} /home/hduser/cloud/mongodb/mongo-c-driver-1.0.2/build/autotools/missing automake-1.14'
AWK='gawk'
BSON_CFLAGS='-I./src/libbson/src/bson -Isrc/libbson/src/bson'
BSON_LIBS='src/libbson/libbson-1.0.la'
BSON_OS='1'
CC='gcc'
CCDEPMODE='depmode=none'
CFLAGS=' -O2 -D_FORTIFY_SOURCE=2'
COMPILER_CLANG_FALSE=''
COMPILER_CLANG_TRUE='#'
COMPILER_GCC_FALSE=''
COMPILER_GCC_TRUE='#'
CPP='gcc -E'
CPPFLAGS=''
CXX='g++'
CXXCPP=''
CXXDEPMODE='depmode=none'
CXXFLAGS=''
CYGPATH_W='echo'
DEFS='-DPACKAGE_NAME=\"mongo-c-driver\" -DPACKAGE_TARNAME=\"mongo-c-driver\" -DPACKAGE_VERSION=\"1.0.2\" -DPACKAGE_STRING=\"mongo-c-driver\ 1.0.2\" -DPACKAGE_BUGREPORT=\"https://jira.mongodb.org/browse/CDRIVER\" -DPACKAGE_URL=\"\" -DHAVE_TYPEOF=1 -DSTDC_HEADERS=1 -DHAVE_SYS_TYPES_H=1 -DHAVE_SYS_STAT_H=1 -DHAVE_STDLIB_H=1 -DHAVE_STRING_H=1 -DHAVE_MEMORY_H=1 -DHAVE_STRINGS_H=1 -DHAVE_INTTYPES_H=1 -DHAVE_STDINT_H=1 -DHAVE_UNISTD_H=1 -DHAVE_DLFCN_H=1 -DLT_OBJDIR=\".libs/\" -DHAVE_SCHED_GETCPU=1 -DHAVE_CLOCK_GETTIME=1 -DHAVE_PTHREAD_PRIO_INHERIT=1 -DHAVE_PTHREAD=1 -DPACKAGE=\"mongo-c-driver\" -DVERSION=\"1.0.2\"'
DEPDIR='.deps'
DLLTOOL='dlltool'
DSYMUTIL=''
DUMPBIN=''
ECHO_C=''
ECHO_N='-n'
ECHO_T=''
EGREP='/bin/grep -E'
ENABLE_DEBUG_FALSE=''
ENABLE_DEBUG_TRUE='#'
ENABLE_EXAMPLES_FALSE='#'
ENABLE_EXAMPLES_TRUE=''
ENABLE_HTML_DOCS_FALSE=''
ENABLE_HTML_DOCS_TRUE='#'
ENABLE_LIBBSON_FALSE='#'
ENABLE_LIBBSON_TRUE=''
ENABLE_MAN_PAGES_FALSE=''
ENABLE_MAN_PAGES_TRUE='#'
ENABLE_PTHREADS_FALSE=''
ENABLE_PTHREADS_TRUE='#'
ENABLE_PYTHON_FALSE=''
ENABLE_PYTHON_TRUE='#'
ENABLE_SASL_FALSE=''
ENABLE_SASL_TRUE='#'
ENABLE_SSL_FALSE=''
ENABLE_SSL_TRUE='#'
ENABLE_STDBOOL_FALSE=''
ENABLE_STDBOOL_TRUE='#'
ENABLE_TESTS_FALSE='#'
ENABLE_TESTS_TRUE=''
EXEEXT=''
EXPLICIT_LIBS_FALSE='#'
EXPLICIT_LIBS_TRUE=''
FGREP='/bin/grep -F'
GREP='/bin/grep'
HARDEN_CFLAGS=''
HARDEN_LDFLAGS=''
INSTALL_DATA='${INSTALL} -m 644'
INSTALL_PROGRAM='${INSTALL}'
INSTALL_SCRIPT='${INSTALL}'
INSTALL_STRIP_PROGRAM='$(install_sh) -c -s'
LD='/usr/bin/ld -m elf_x86_64'
LDFLAGS=''
LIBC_FEATURES='-D_GNU_SOURCE'
LIBOBJS=''
LIBS=''
LIBTOOL='$(SHELL) $(top_builddir)/libtool'
LIPO=''
LN_S='ln -s'
LTLIBOBJS=''
MAINT=''
MAINTAINER_MODE_FALSE='#'
MAINTAINER_MODE_TRUE=''
MAKEINFO='${SHELL} /home/hduser/cloud/mongodb/mongo-c-driver-1.0.2/build/autotools/missing makeinfo'
MANIFEST_TOOL=':'
MKDIR_P='/bin/mkdir -p'
MONGOC_API_VERSION='1.0'
MONGOC_ENABLE_SASL='0'
MONGOC_ENABLE_SSL='0'
MONGOC_MAJOR_VERSION='1'
MONGOC_MICRO_VERSION='2'
MONGOC_MINOR_VERSION='0'
MONGOC_VERSION='1.0.2'
MV='/bin/mv'
NM='/usr/bin/nm -B'
NMEDIT=''
OBJDUMP='objdump'
OBJEXT='o'
OPTIMIZE_CFLAGS=''
OPTIMIZE_LDFLAGS=' -Wl,-Bsymbolic'
OS_DARWIN_FALSE=''
OS_DARWIN_TRUE='#'
OS_FREEBSD_FALSE=''
OS_FREEBSD_TRUE='#'
OS_GNU_FALSE='#'
OS_GNU_TRUE=''
OS_LINUX_FALSE='#'
OS_LINUX_TRUE=''
OS_SOLARIS_FALSE=''
OS_SOLARIS_TRUE='#'
OS_UNIX_FALSE='#'
OS_UNIX_TRUE=''
OS_WIN32_FALSE=''
OS_WIN32_TRUE='#'
OTOOL64=''
OTOOL=''
PACKAGE='mongo-c-driver'
PACKAGE_BUGREPORT='https://jira.mongodb.org/browse/CDRIVER'
PACKAGE_NAME='mongo-c-driver'
PACKAGE_STRING='mongo-c-driver 1.0.2'
PACKAGE_TARNAME='mongo-c-driver'
PACKAGE_URL=''
PACKAGE_VERSION='1.0.2'
PATH_SEPARATOR=':'
PERL='/usr/bin/perl'
PKG_CONFIG=''
PKG_CONFIG_LIBDIR=''
PKG_CONFIG_PATH=''
PTHREAD_CC='gcc'
PTHREAD_CFLAGS='-pthread'
PTHREAD_LIBS=''
PYTHON='/usr/bin/python'
RANLIB='ranlib'
SASL_CFLAGS=''
SASL_LIBS=''
SED='/bin/sed'
SET_MAKE='MAKE=make'
SHELL='/bin/bash'
SHM_LIB='-lrt'
SSL_CFLAGS=''
SSL_LIBS=''
STRIP='strip'
VERSION='1.0.2'
WITH_LIBBSON_FALSE='#'
WITH_LIBBSON_TRUE=''
YELP_BUILD=''
ac_ct_AR='ar'
ac_ct_CC='gcc'
ac_ct_CXX=''
ac_ct_DUMPBIN=''
am__EXEEXT_FALSE=''
am__EXEEXT_TRUE='#'
am__fastdepCC_FALSE=''
am__fastdepCC_TRUE='#'
am__fastdepCXX_FALSE=''
am__fastdepCXX_TRUE='#'
am__include='#'
am__isrc=''
am__leading_dot='.'
am__nodep='_no'
am__quote=''
am__tar='tar --format=ustar -chf - "$$tardir"'
am__untar='tar -xf -'
ax_pthread_config=''
bindir='${exec_prefix}/bin'
build='x86_64-unknown-linux-gnu'
build_alias=''
build_cpu='x86_64'
build_os='linux-gnu'
build_vendor='unknown'
datadir='${datarootdir}'
datarootdir='${prefix}/share'
docdir='${datarootdir}/doc/${PACKAGE_TARNAME}'
dvidir='${docdir}'
exec_prefix='${prefix}'
host='x86_64-unknown-linux-gnu'
host_alias=''
host_cpu='x86_64'
host_os='linux-gnu'
host_vendor='unknown'
htmldir='${docdir}'
includedir='${prefix}/include'
infodir='${datarootdir}/info'
install_sh='${SHELL} /home/hduser/cloud/mongodb/mongo-c-driver-1.0.2/build/autotools/install-sh'
libdir='/usr/lib64'
libexecdir='${exec_prefix}/libexec'
localedir='${datarootdir}/locale'
localstatedir='${prefix}/var'
mandir='${datarootdir}/man'
mkdir_p='$(MKDIR_P)'
oldincludedir='/usr/include'
pdfdir='${docdir}'
prefix='/usr'
program_transform_name='s,x,x,'
psdir='${docdir}'
sbindir='${exec_prefix}/sbin'
sharedstatedir='${prefix}/com'
subdirs=' src/libbson'
sysconfdir='${prefix}/etc'
target='x86_64-unknown-linux-gnu'
target_alias=''
target_cpu='x86_64'
target_os='linux-gnu'
target_vendor='unknown'

## ----------- ##
## confdefs.h. ##
## ----------- ##

/* confdefs.h */
#define PACKAGE_NAME "mongo-c-driver"
#define PACKAGE_TARNAME "mongo-c-driver"
#define PACKAGE_VERSION "1.0.2"
#define PACKAGE_STRING "mongo-c-driver 1.0.2"
#define PACKAGE_BUGREPORT "https://jira.mongodb.org/browse/CDRIVER"
#define PACKAGE_URL ""
#define HAVE_TYPEOF 1
#define STDC_HEADERS 1
#define HAVE_SYS_TYPES_H 1
#define HAVE_SYS_STAT_H 1
#define HAVE_STDLIB_H 1
#define HAVE_STRING_H 1
#define HAVE_MEMORY_H 1
#define HAVE_STRINGS_H 1
#define HAVE_INTTYPES_H 1
#define HAVE_STDINT_H 1
#define HAVE_UNISTD_H 1
#define HAVE_DLFCN_H 1
#define LT_OBJDIR ".libs/"
#define HAVE_SCHED_GETCPU 1
#define HAVE_CLOCK_GETTIME 1
#define HAVE_PTHREAD_PRIO_INHERIT 1
#define HAVE_PTHREAD 1
#define PACKAGE "mongo-c-driver"
#define VERSION "1.0.2"

configure: exit 0
