This file contains any messages produced by compilers while
running configure, to aid debugging if configure makes a mistake.

It was created by libbson configure 1.0.1, which was
generated by GNU Autoconf 2.69.  Invocation command line was

  $ ./configure --disable-option-checking --prefix=/usr --libdir=/usr/lib64 --cache-file=/dev/null --srcdir=.

## --------- ##
## Platform. ##
## --------- ##

hostname = ubuntu
uname -m = x86_64
uname -r = 3.13.0-32-generic
uname -s = Linux
uname -v = #57-Ubuntu SMP Tue Jul 15 03:51:08 UTC 2014

/usr/bin/uname -p = unknown
/bin/uname -X     = unknown

/bin/arch              = unknown
/usr/bin/arch -k       = unknown
/usr/convex/getsysinfo = unknown
/usr/bin/hostinfo      = unknown
/bin/machine           = unknown
/usr/bin/oslevel       = unknown
/bin/universe          = unknown

PATH: /usr/local/sbin
PATH: /usr/local/bin
PATH: /usr/sbin
PATH: /usr/bin
PATH: /sbin
PATH: /bin
PATH: /usr/games
PATH: /usr/local/games
PATH: /usr/local/hadoop/pig/bin
PATH: /usr/local/hadoop/bin


## ----------- ##
## Core tests. ##
## ----------- ##

configure:2501: checking for gcc
configure:2517: found /usr/bin/gcc
configure:2528: result: gcc
configure:2757: checking for C compiler version
configure:2766: gcc --version >&5
gcc (Ubuntu 4.8.2-19ubuntu1) 4.8.2
Copyright (C) 2013 Free Software Foundation, Inc.
This is free software; see the source for copying conditions.  There is NO
warranty; not even for MERCHANTABILITY or FITNESS FOR A PARTICULAR PURPOSE.

configure:2777: $? = 0
configure:2766: gcc -v >&5
Using built-in specs.
COLLECT_GCC=gcc
COLLECT_LTO_WRAPPER=/usr/lib/gcc/x86_64-linux-gnu/4.8/lto-wrapper
Target: x86_64-linux-gnu
Configured with: ../src/configure -v --with-pkgversion='Ubuntu 4.8.2-19ubuntu1' --with-bugurl=file:///usr/share/doc/gcc-4.8/README.Bugs --enable-languages=c,c++,java,go,d,fortran,objc,obj-c++ --prefix=/usr --program-suffix=-4.8 --enable-shared --enable-linker-build-id --libexecdir=/usr/lib --without-included-gettext --enable-threads=posix --with-gxx-include-dir=/usr/include/c++/4.8 --libdir=/usr/lib --enable-nls --with-sysroot=/ --enable-clocale=gnu --enable-libstdcxx-debug --enable-libstdcxx-time=yes --enable-gnu-unique-object --disable-libmudflap --enable-plugin --with-system-zlib --disable-browser-plugin --enable-java-awt=gtk --enable-gtk-cairo --with-java-home=/usr/lib/jvm/java-1.5.0-gcj-4.8-amd64/jre --enable-java-home --with-jvm-root-dir=/usr/lib/jvm/java-1.5.0-gcj-4.8-amd64 --with-jvm-jar-dir=/usr/lib/jvm-exports/java-1.5.0-gcj-4.8-amd64 --with-arch-directory=amd64 --with-ecj-jar=/usr/share/java/eclipse-ecj.jar --enable-objc-gc --enable-multiarch --disable-werror --with-arch-32=i686 --with-abi=m64 --with-multilib-list=m32,m64,mx32 --with-tune=generic --enable-checking=release --build=x86_64-linux-gnu --host=x86_64-linux-gnu --target=x86_64-linux-gnu
Thread model: posix
gcc version 4.8.2 (Ubuntu 4.8.2-19ubuntu1) 
configure:2777: $? = 0
configure:2766: gcc -V >&5
gcc: error: unrecognized command line option '-V'
gcc: fatal error: no input files
compilation terminated.
configure:2777: $? = 4
configure:2766: gcc -qversion >&5
gcc: error: unrecognized command line option '-qversion'
gcc: fatal error: no input files
compilation terminated.
configure:2777: $? = 4
configure:2797: checking whether the C compiler works
configure:2819: gcc    conftest.c  >&5
configure:2823: $? = 0
configure:2871: result: yes
configure:2874: checking for C compiler default output file name
configure:2876: result: a.out
configure:2882: checking for suffix of executables
configure:2889: gcc -o conftest    conftest.c  >&5
configure:2893: $? = 0
configure:2915: result: 
configure:2937: checking whether we are cross compiling
configure:2945: gcc -o conftest    conftest.c  >&5
configure:2949: $? = 0
configure:2956: ./conftest
configure:2960: $? = 0
configure:2975: result: no
configure:2980: checking for suffix of object files
configure:3002: gcc -c   conftest.c >&5
configure:3006: $? = 0
configure:3027: result: o
configure:3031: checking whether we are using the GNU C compiler
configure:3050: gcc -c   conftest.c >&5
configure:3050: $? = 0
configure:3059: result: yes
configure:3068: checking whether gcc accepts -g
configure:3088: gcc -c -g  conftest.c >&5
configure:3088: $? = 0
configure:3129: result: yes
configure:3146: checking for gcc option to accept ISO C89
configure:3209: gcc  -c   conftest.c >&5
configure:3209: $? = 0
configure:3222: result: none needed
configure:3250: checking whether gcc understands -c and -o together
configure:3272: gcc -c conftest.c -o conftest2.o
configure:3275: $? = 0
configure:3272: gcc -c conftest.c -o conftest2.o
configure:3275: $? = 0
configure:3287: result: yes
configure:3362: checking for g++
configure:3392: result: no
configure:3362: checking for c++
configure:3392: result: no
configure:3362: checking for gpp
configure:3392: result: no
configure:3362: checking for aCC
configure:3392: result: no
configure:3362: checking for CC
configure:3392: result: no
configure:3362: checking for cxx
configure:3392: result: no
configure:3362: checking for cc++
configure:3392: result: no
configure:3362: checking for cl.exe
configure:3392: result: no
configure:3362: checking for FCC
configure:3392: result: no
configure:3362: checking for KCC
configure:3392: result: no
configure:3362: checking for RCC
configure:3392: result: no
configure:3362: checking for xlC_r
configure:3392: result: no
configure:3362: checking for xlC
configure:3392: result: no
configure:3416: checking for C++ compiler version
configure:3425: g++ --version >&5
./configure: line 3427: g++: command not found
configure:3436: $? = 127
configure:3425: g++ -v >&5
./configure: line 3427: g++: command not found
configure:3436: $? = 127
configure:3425: g++ -V >&5
./configure: line 3427: g++: command not found
configure:3436: $? = 127
configure:3425: g++ -qversion >&5
./configure: line 3427: g++: command not found
configure:3436: $? = 127
configure:3440: checking whether we are using the GNU C++ compiler
configure:3459: g++ -c   conftest.cpp >&5
./configure: line 1664: g++: command not found
configure:3459: $? = 127
configure: failed program was:
| /* confdefs.h */
| #define PACKAGE_NAME "libbson"
| #define PACKAGE_TARNAME "libbson"
| #define PACKAGE_VERSION "1.0.1"
| #define PACKAGE_STRING "libbson 1.0.1"
| #define PACKAGE_BUGREPORT "https://github.com/mongodb/libbson/issues"
| #define PACKAGE_URL ""
| /* end confdefs.h.  */
| 
| int
| main ()
| {
| #ifndef __GNUC__
|        choke me
| #endif
| 
|   ;
|   return 0;
| }
configure:3468: result: no
configure:3477: checking whether g++ accepts -g
configure:3497: g++ -c -g  conftest.cpp >&5
./configure: line 1664: g++: command not found
configure:3497: $? = 127
configure: failed program was:
| /* confdefs.h */
| #define PACKAGE_NAME "libbson"
| #define PACKAGE_TARNAME "libbson"
| #define PACKAGE_VERSION "1.0.1"
| #define PACKAGE_STRING "libbson 1.0.1"
| #define PACKAGE_BUGREPORT "https://github.com/mongodb/libbson/issues"
| #define PACKAGE_URL ""
| /* end confdefs.h.  */
| 
| int
| main ()
| {
| 
|   ;
|   return 0;
| }
configure:3512: g++ -c   conftest.cpp >&5
./configure: line 1664: g++: command not found
configure:3512: $? = 127
configure: failed program was:
| /* confdefs.h */
| #define PACKAGE_NAME "libbson"
| #define PACKAGE_TARNAME "libbson"
| #define PACKAGE_VERSION "1.0.1"
| #define PACKAGE_STRING "libbson 1.0.1"
| #define PACKAGE_BUGREPORT "https://github.com/mongodb/libbson/issues"
| #define PACKAGE_URL ""
| /* end confdefs.h.  */
| 
| int
| main ()
| {
| 
|   ;
|   return 0;
| }
configure:3528: g++ -c -g  conftest.cpp >&5
./configure: line 1664: g++: command not found
configure:3528: $? = 127
configure: failed program was:
| /* confdefs.h */
| #define PACKAGE_NAME "libbson"
| #define PACKAGE_TARNAME "libbson"
| #define PACKAGE_VERSION "1.0.1"
| #define PACKAGE_STRING "libbson 1.0.1"
| #define PACKAGE_BUGREPORT "https://github.com/mongodb/libbson/issues"
| #define PACKAGE_URL ""
| /* end confdefs.h.  */
| 
| int
| main ()
| {
| 
|   ;
|   return 0;
| }
configure:3538: result: no
configure:3586: gcc -c   conftest.c >&5
configure:3586: $? = 0
configure:3605: gcc -c   conftest.c >&5
conftest.c:11:2: error: #error Not a supported Clang compiler
 #error Not a supported Clang compiler
  ^
configure:3605: $? = 1
configure: failed program was:
| /* confdefs.h */
| #define PACKAGE_NAME "libbson"
| #define PACKAGE_TARNAME "libbson"
| #define PACKAGE_VERSION "1.0.1"
| #define PACKAGE_STRING "libbson 1.0.1"
| #define PACKAGE_BUGREPORT "https://github.com/mongodb/libbson/issues"
| #define PACKAGE_URL ""
| /* end confdefs.h.  */
| 
| #if !(defined(__clang__) && (__clang_major__ > 3 || (__clang_major__ == 3 && __clang_minor__ >= 3)))
| #error Not a supported Clang compiler
| #endif
| 
| int
| main ()
| {
| 
|   ;
|   return 0;
| }
configure:3624: gcc -c   conftest.c >&5
conftest.c:11:2: error: #error Not a supported Sun compiler
 #error Not a supported Sun compiler
  ^
configure:3624: $? = 1
configure: failed program was:
| /* confdefs.h */
| #define PACKAGE_NAME "libbson"
| #define PACKAGE_TARNAME "libbson"
| #define PACKAGE_VERSION "1.0.1"
| #define PACKAGE_STRING "libbson 1.0.1"
| #define PACKAGE_BUGREPORT "https://github.com/mongodb/libbson/issues"
| #define PACKAGE_URL ""
| /* end confdefs.h.  */
| 
| #if !(defined(__SUNPRO_C))
| #error Not a supported Sun compiler
| #endif
| 
| int
| main ()
| {
| 
|   ;
|   return 0;
| }
configure:3657: gcc -c   conftest.c >&5
configure:3657: $? = 0
configure:3665: checking for an ANSI C-conforming const
configure:3731: gcc -c   conftest.c >&5
configure:3731: $? = 0
configure:3738: result: yes
configure:3746: checking for inline
configure:3762: gcc -c   conftest.c >&5
configure:3762: $? = 0
configure:3770: result: inline
configure:3789: checking for typeof syntax and keyword spelling
configure:3820: gcc -c   conftest.c >&5
configure:3820: $? = 0
configure:3827: result: typeof
configure:3848: checking how to run the C preprocessor
configure:3879: gcc -E  conftest.c
configure:3879: $? = 0
configure:3893: gcc -E  conftest.c
conftest.c:10:28: fatal error: ac_nonexistent.h: No such file or directory
 #include <ac_nonexistent.h>
                            ^
compilation terminated.
configure:3893: $? = 1
configure: failed program was:
| /* confdefs.h */
| #define PACKAGE_NAME "libbson"
| #define PACKAGE_TARNAME "libbson"
| #define PACKAGE_VERSION "1.0.1"
| #define PACKAGE_STRING "libbson 1.0.1"
| #define PACKAGE_BUGREPORT "https://github.com/mongodb/libbson/issues"
| #define PACKAGE_URL ""
| #define HAVE_TYPEOF 1
| /* end confdefs.h.  */
| #include <ac_nonexistent.h>
configure:3918: result: gcc -E
configure:3938: gcc -E  conftest.c
configure:3938: $? = 0
configure:3952: gcc -E  conftest.c
conftest.c:10:28: fatal error: ac_nonexistent.h: No such file or directory
 #include <ac_nonexistent.h>
                            ^
compilation terminated.
configure:3952: $? = 1
configure: failed program was:
| /* confdefs.h */
| #define PACKAGE_NAME "libbson"
| #define PACKAGE_TARNAME "libbson"
| #define PACKAGE_VERSION "1.0.1"
| #define PACKAGE_STRING "libbson 1.0.1"
| #define PACKAGE_BUGREPORT "https://github.com/mongodb/libbson/issues"
| #define PACKAGE_URL ""
| #define HAVE_TYPEOF 1
| /* end confdefs.h.  */
| #include <ac_nonexistent.h>
configure:3981: checking for grep that handles long lines and -e
configure:4039: result: /bin/grep
configure:4044: checking for egrep
configure:4106: result: /bin/grep -E
configure:4111: checking for ANSI C header files
configure:4131: gcc -c   conftest.c >&5
configure:4131: $? = 0
configure:4204: gcc -o conftest    conftest.c  >&5
configure:4204: $? = 0
configure:4204: ./conftest
configure:4204: $? = 0
configure:4215: result: yes
configure:4228: checking for sys/types.h
configure:4228: gcc -c   conftest.c >&5
configure:4228: $? = 0
configure:4228: result: yes
configure:4228: checking for sys/stat.h
configure:4228: gcc -c   conftest.c >&5
configure:4228: $? = 0
configure:4228: result: yes
configure:4228: checking for stdlib.h
configure:4228: gcc -c   conftest.c >&5
configure:4228: $? = 0
configure:4228: result: yes
configure:4228: checking for string.h
configure:4228: gcc -c   conftest.c >&5
configure:4228: $? = 0
configure:4228: result: yes
configure:4228: checking for memory.h
configure:4228: gcc -c   conftest.c >&5
configure:4228: $? = 0
configure:4228: result: yes
configure:4228: checking for strings.h
configure:4228: gcc -c   conftest.c >&5
configure:4228: $? = 0
configure:4228: result: yes
configure:4228: checking for inttypes.h
configure:4228: gcc -c   conftest.c >&5
configure:4228: $? = 0
configure:4228: result: yes
configure:4228: checking for stdint.h
configure:4228: gcc -c   conftest.c >&5
configure:4228: $? = 0
configure:4228: result: yes
configure:4228: checking for unistd.h
configure:4228: gcc -c   conftest.c >&5
configure:4228: $? = 0
configure:4228: result: yes
configure:4240: checking for stdbool.h that conforms to C99
configure:4307: gcc -c   conftest.c >&5
configure:4307: $? = 0
configure:4314: result: yes
configure:4316: checking for _Bool
configure:4316: gcc -c   conftest.c >&5
configure:4316: $? = 0
configure:4316: gcc -c   conftest.c >&5
conftest.c: In function 'main':
conftest.c:56:20: error: expected expression before ')' token
 if (sizeof ((_Bool)))
                    ^
configure:4316: $? = 1
configure: failed program was:
| /* confdefs.h */
| #define PACKAGE_NAME "libbson"
| #define PACKAGE_TARNAME "libbson"
| #define PACKAGE_VERSION "1.0.1"
| #define PACKAGE_STRING "libbson 1.0.1"
| #define PACKAGE_BUGREPORT "https://github.com/mongodb/libbson/issues"
| #define PACKAGE_URL ""
| #define HAVE_TYPEOF 1
| #define STDC_HEADERS 1
| #define HAVE_SYS_TYPES_H 1
| #define HAVE_SYS_STAT_H 1
| #define HAVE_STDLIB_H 1
| #define HAVE_STRING_H 1
| #define HAVE_MEMORY_H 1
| #define HAVE_STRINGS_H 1
| #define HAVE_INTTYPES_H 1
| #define HAVE_STDINT_H 1
| #define HAVE_UNISTD_H 1
| /* end confdefs.h.  */
| #include <stdio.h>
| #ifdef HAVE_SYS_TYPES_H
| # include <sys/types.h>
| #endif
| #ifdef HAVE_SYS_STAT_H
| # include <sys/stat.h>
| #endif
| #ifdef STDC_HEADERS
| # include <stdlib.h>
| # include <stddef.h>
| #else
| # ifdef HAVE_STDLIB_H
| #  include <stdlib.h>
| # endif
| #endif
| #ifdef HAVE_STRING_H
| # if !defined STDC_HEADERS && defined HAVE_MEMORY_H
| #  include <memory.h>
| # endif
| # include <string.h>
| #endif
| #ifdef HAVE_STRINGS_H
| # include <strings.h>
| #endif
| #ifdef HAVE_INTTYPES_H
| # include <inttypes.h>
| #endif
| #ifdef HAVE_STDINT_H
| # include <stdint.h>
| #endif
| #ifdef HAVE_UNISTD_H
| # include <unistd.h>
| #endif
| int
| main ()
| {
| if (sizeof ((_Bool)))
| 	    return 0;
|   ;
|   return 0;
| }
configure:4316: result: yes
configure:4341: checking for stdint-types....
configure:4351: result: "(putting them into src/bson/bson-stdint.h)"
configure:4365: checking for uintptr_t
configure:4365: gcc -c   conftest.c >&5
configure:4365: $? = 0
configure:4365: gcc -c   conftest.c >&5
conftest.c: In function 'main':
conftest.c:27:24: error: expected expression before ')' token
 if (sizeof ((uintptr_t)))
                        ^
configure:4365: $? = 1
configure: failed program was:
| /* confdefs.h */
| #define PACKAGE_NAME "libbson"
| #define PACKAGE_TARNAME "libbson"
| #define PACKAGE_VERSION "1.0.1"
| #define PACKAGE_STRING "libbson 1.0.1"
| #define PACKAGE_BUGREPORT "https://github.com/mongodb/libbson/issues"
| #define PACKAGE_URL ""
| #define HAVE_TYPEOF 1
| #define STDC_HEADERS 1
| #define HAVE_SYS_TYPES_H 1
| #define HAVE_SYS_STAT_H 1
| #define HAVE_STDLIB_H 1
| #define HAVE_STRING_H 1
| #define HAVE_MEMORY_H 1
| #define HAVE_STRINGS_H 1
| #define HAVE_INTTYPES_H 1
| #define HAVE_STDINT_H 1
| #define HAVE_UNISTD_H 1
| #define HAVE__BOOL 1
| #define HAVE_STDBOOL_H 1
| /* end confdefs.h.  */
| #include <stdint.h>
| 
| int
| main ()
| {
| if (sizeof ((uintptr_t)))
| 	    return 0;
|   ;
|   return 0;
| }
configure:4365: result: yes
configure:4373: checking for uint64_t
configure:4373: gcc -c   conftest.c >&5
configure:4373: $? = 0
configure:4373: gcc -c   conftest.c >&5
conftest.c: In function 'main':
conftest.c:27:23: error: expected expression before ')' token
 if (sizeof ((uint64_t)))
                       ^
configure:4373: $? = 1
configure: failed program was:
| /* confdefs.h */
| #define PACKAGE_NAME "libbson"
| #define PACKAGE_TARNAME "libbson"
| #define PACKAGE_VERSION "1.0.1"
| #define PACKAGE_STRING "libbson 1.0.1"
| #define PACKAGE_BUGREPORT "https://github.com/mongodb/libbson/issues"
| #define PACKAGE_URL ""
| #define HAVE_TYPEOF 1
| #define STDC_HEADERS 1
| #define HAVE_SYS_TYPES_H 1
| #define HAVE_SYS_STAT_H 1
| #define HAVE_STDLIB_H 1
| #define HAVE_STRING_H 1
| #define HAVE_MEMORY_H 1
| #define HAVE_STRINGS_H 1
| #define HAVE_INTTYPES_H 1
| #define HAVE_STDINT_H 1
| #define HAVE_UNISTD_H 1
| #define HAVE__BOOL 1
| #define HAVE_STDBOOL_H 1
| /* end confdefs.h.  */
| #include<stdint.h>
| 
| int
| main ()
| {
| if (sizeof ((uint64_t)))
| 	    return 0;
|   ;
|   return 0;
| }
configure:4373: result: yes
configure:4381: result: ... seen our uintptr_t in stdint.h (uint64_t too)
configure:4646: result: creating src/bson/bson-stdint.h : _SRC_BSON_BSON_STDINT_H
configure:4673: checking for int_least32_t
configure:4673: gcc -c   conftest.c >&5
configure:4673: $? = 0
configure:4673: gcc -c   conftest.c >&5
conftest.c: In function 'main':
conftest.c:27:28: error: expected expression before ')' token
 if (sizeof ((int_least32_t)))
                            ^
configure:4673: $? = 1
configure: failed program was:
| /* confdefs.h */
| #define PACKAGE_NAME "libbson"
| #define PACKAGE_TARNAME "libbson"
| #define PACKAGE_VERSION "1.0.1"
| #define PACKAGE_STRING "libbson 1.0.1"
| #define PACKAGE_BUGREPORT "https://github.com/mongodb/libbson/issues"
| #define PACKAGE_URL ""
| #define HAVE_TYPEOF 1
| #define STDC_HEADERS 1
| #define HAVE_SYS_TYPES_H 1
| #define HAVE_SYS_STAT_H 1
| #define HAVE_STDLIB_H 1
| #define HAVE_STRING_H 1
| #define HAVE_MEMORY_H 1
| #define HAVE_STRINGS_H 1
| #define HAVE_INTTYPES_H 1
| #define HAVE_STDINT_H 1
| #define HAVE_UNISTD_H 1
| #define HAVE__BOOL 1
| #define HAVE_STDBOOL_H 1
| /* end confdefs.h.  */
| #include <stdint.h>
| 
| int
| main ()
| {
| if (sizeof ((int_least32_t)))
| 	    return 0;
|   ;
|   return 0;
| }
configure:4673: result: yes
configure:4679: checking for int_fast32_t
configure:4679: gcc -c   conftest.c >&5
configure:4679: $? = 0
configure:4679: gcc -c   conftest.c >&5
conftest.c: In function 'main':
conftest.c:27:27: error: expected expression before ')' token
 if (sizeof ((int_fast32_t)))
                           ^
configure:4679: $? = 1
configure: failed program was:
| /* confdefs.h */
| #define PACKAGE_NAME "libbson"
| #define PACKAGE_TARNAME "libbson"
| #define PACKAGE_VERSION "1.0.1"
| #define PACKAGE_STRING "libbson 1.0.1"
| #define PACKAGE_BUGREPORT "https://github.com/mongodb/libbson/issues"
| #define PACKAGE_URL ""
| #define HAVE_TYPEOF 1
| #define STDC_HEADERS 1
| #define HAVE_SYS_TYPES_H 1
| #define HAVE_SYS_STAT_H 1
| #define HAVE_STDLIB_H 1
| #define HAVE_STRING_H 1
| #define HAVE_MEMORY_H 1
| #define HAVE_STRINGS_H 1
| #define HAVE_INTTYPES_H 1
| #define HAVE_STDINT_H 1
| #define HAVE_UNISTD_H 1
| #define HAVE__BOOL 1
| #define HAVE_STDBOOL_H 1
| /* end confdefs.h.  */
| #include<stdint.h>
| 
| int
| main ()
| {
| if (sizeof ((int_fast32_t)))
| 	    return 0;
|   ;
|   return 0;
| }
configure:4679: result: yes
configure:4692: result: ..adding include stdint.h
configure:4702: result: ... seen good stdint.h inttypes
configure:4838: result: ... seen good uint64_t
configure:5058: result: ... DONE src/bson/bson-stdint.h
configure:5070: checking for perl
configure:5088: found /usr/bin/perl
configure:5100: result: /usr/bin/perl
configure:5114: checking for mv
configure:5132: found /bin/mv
configure:5144: result: /bin/mv
configure:5158: checking for grep
configure:5188: result: /bin/grep
configure:5203: checking for python
configure:5221: found /usr/bin/python
configure:5233: result: /usr/bin/python
configure:5243: checking for yelp-build
configure:5276: result: no
configure:5296: checking for a BSD-compatible install
configure:5364: result: /usr/bin/install -c
configure:5380: checking build system type
configure:5394: result: x86_64-unknown-linux-gnu
configure:5414: checking host system type
configure:5427: result: x86_64-unknown-linux-gnu
configure:5493: checking target system type
configure:5506: result: x86_64-unknown-linux-gnu
configure:5565: checking whether byte ordering is bigendian
configure:5580: gcc -c   conftest.c >&5
conftest.c:23:9: error: unknown type name 'not'
         not a universal capable compiler
         ^
conftest.c:23:15: error: expected '=', ',', ';', 'asm' or '__attribute__' before 'universal'
         not a universal capable compiler
               ^
conftest.c:23:15: error: unknown type name 'universal'
configure:5580: $? = 1
configure: failed program was:
| /* confdefs.h */
| #define PACKAGE_NAME "libbson"
| #define PACKAGE_TARNAME "libbson"
| #define PACKAGE_VERSION "1.0.1"
| #define PACKAGE_STRING "libbson 1.0.1"
| #define PACKAGE_BUGREPORT "https://github.com/mongodb/libbson/issues"
| #define PACKAGE_URL ""
| #define HAVE_TYPEOF 1
| #define STDC_HEADERS 1
| #define HAVE_SYS_TYPES_H 1
| #define HAVE_SYS_STAT_H 1
| #define HAVE_STDLIB_H 1
| #define HAVE_STRING_H 1
| #define HAVE_MEMORY_H 1
| #define HAVE_STRINGS_H 1
| #define HAVE_INTTYPES_H 1
| #define HAVE_STDINT_H 1
| #define HAVE_UNISTD_H 1
| #define HAVE__BOOL 1
| #define HAVE_STDBOOL_H 1
| /* end confdefs.h.  */
| #ifndef __APPLE_CC__
| 	       not a universal capable compiler
| 	     #endif
| 	     typedef int dummy;
| 
configure:5625: gcc -c   conftest.c >&5
configure:5625: $? = 0
configure:5643: gcc -c   conftest.c >&5
conftest.c: In function 'main':
conftest.c:29:4: error: unknown type name 'not'
    not big endian
    ^
conftest.c:29:12: error: expected '=', ',', ';', 'asm' or '__attribute__' before 'endian'
    not big endian
            ^
configure:5643: $? = 1
configure: failed program was:
| /* confdefs.h */
| #define PACKAGE_NAME "libbson"
| #define PACKAGE_TARNAME "libbson"
| #define PACKAGE_VERSION "1.0.1"
| #define PACKAGE_STRING "libbson 1.0.1"
| #define PACKAGE_BUGREPORT "https://github.com/mongodb/libbson/issues"
| #define PACKAGE_URL ""
| #define HAVE_TYPEOF 1
| #define STDC_HEADERS 1
| #define HAVE_SYS_TYPES_H 1
| #define HAVE_SYS_STAT_H 1
| #define HAVE_STDLIB_H 1
| #define HAVE_STRING_H 1
| #define HAVE_MEMORY_H 1
| #define HAVE_STRINGS_H 1
| #define HAVE_INTTYPES_H 1
| #define HAVE_STDINT_H 1
| #define HAVE_UNISTD_H 1
| #define HAVE__BOOL 1
| #define HAVE_STDBOOL_H 1
| /* end confdefs.h.  */
| #include <sys/types.h>
| 		#include <sys/param.h>
| 
| int
| main ()
| {
| #if BYTE_ORDER != BIG_ENDIAN
| 		 not big endian
| 		#endif
| 
|   ;
|   return 0;
| }
configure:5771: result: no
configure:6180: checking how to print strings
configure:6207: result: printf
configure:6228: checking for a sed that does not truncate output
configure:6292: result: /bin/sed
configure:6310: checking for fgrep
configure:6372: result: /bin/grep -F
configure:6407: checking for ld used by gcc
configure:6474: result: /usr/bin/ld
configure:6481: checking if the linker (/usr/bin/ld) is GNU ld
configure:6496: result: yes
configure:6508: checking for BSD- or MS-compatible name lister (nm)
configure:6557: result: /usr/bin/nm -B
configure:6687: checking the name lister (/usr/bin/nm -B) interface
configure:6694: gcc -c   conftest.c >&5
configure:6697: /usr/bin/nm -B "conftest.o"
configure:6700: output
0000000000000000 B some_variable
configure:6707: result: BSD nm
configure:6710: checking whether ln -s works
configure:6714: result: yes
configure:6722: checking the maximum length of command line arguments
configure:6852: result: 1572864
configure:6869: checking whether the shell understands some XSI constructs
configure:6879: result: yes
configure:6883: checking whether the shell understands "+="
configure:6889: result: yes
configure:6924: checking how to convert x86_64-unknown-linux-gnu file names to x86_64-unknown-linux-gnu format
configure:6964: result: func_convert_file_noop
configure:6971: checking how to convert x86_64-unknown-linux-gnu file names to toolchain format
configure:6991: result: func_convert_file_noop
configure:6998: checking for /usr/bin/ld option to reload object files
configure:7005: result: -r
configure:7079: checking for objdump
configure:7106: result: objdump
configure:7135: checking how to recognize dependent libraries
configure:7337: result: pass_all
configure:7422: checking for dlltool
configure:7449: result: dlltool
configure:7479: checking how to associate runtime and link libraries
configure:7506: result: printf %s\n
configure:7566: checking for ar
configure:7582: found /usr/bin/ar
configure:7593: result: ar
configure:7630: checking for archiver @FILE support
configure:7647: gcc -c   conftest.c >&5
configure:7647: $? = 0
configure:7650: ar cru libconftest.a @conftest.lst >&5
configure:7653: $? = 0
configure:7658: ar cru libconftest.a @conftest.lst >&5
ar: conftest.o: No such file or directory
configure:7661: $? = 1
configure:7673: result: @
configure:7731: checking for strip
configure:7747: found /usr/bin/strip
configure:7758: result: strip
configure:7830: checking for ranlib
configure:7846: found /usr/bin/ranlib
configure:7857: result: ranlib
configure:7934: checking for gawk
configure:7950: found /usr/bin/gawk
configure:7961: result: gawk
configure:8001: checking command to parse /usr/bin/nm -B output from gcc object
configure:8121: gcc -c   conftest.c >&5
configure:8124: $? = 0
configure:8128: /usr/bin/nm -B conftest.o \| sed -n -e 's/^.*[ ]\([ABCDGIRSTW][ABCDGIRSTW]*\)[ ][ ]*\([_A-Za-z][_A-Za-z0-9]*\)$/\1 \2 \2/p' | sed '/ __gnu_lto/d' \> conftest.nm
configure:8131: $? = 0
configure:8197: gcc -o conftest    conftest.c conftstm.o >&5
configure:8200: $? = 0
configure:8238: result: ok
configure:8275: checking for sysroot
configure:8305: result: no
configure:8382: gcc -c   conftest.c >&5
configure:8385: $? = 0
configure:8561: checking for mt
configure:8577: found /bin/mt
configure:8588: result: mt
configure:8611: checking if mt is a manifest tool
configure:8617: mt '-?'
configure:8625: result: no
configure:9264: checking for dlfcn.h
configure:9264: gcc -c   conftest.c >&5
configure:9264: $? = 0
configure:9264: result: yes
configure:9449: checking for objdir
configure:9464: result: .libs
configure:9735: checking if gcc supports -fno-rtti -fno-exceptions
configure:9753: gcc -c   -fno-rtti -fno-exceptions conftest.c >&5
cc1: warning: command line option '-fno-rtti' is valid for C++/ObjC++ but not for C [enabled by default]
configure:9757: $? = 0
configure:9770: result: no
configure:10097: checking for gcc option to produce PIC
configure:10104: result: -fPIC -DPIC
configure:10112: checking if gcc PIC flag -fPIC -DPIC works
configure:10130: gcc -c   -fPIC -DPIC -DPIC conftest.c >&5
configure:10134: $? = 0
configure:10147: result: yes
configure:10176: checking if gcc static flag -static works
configure:10204: result: yes
configure:10219: checking if gcc supports -c -o file.o
configure:10240: gcc -c   -o out/conftest2.o conftest.c >&5
configure:10244: $? = 0
configure:10266: result: yes
configure:10274: checking if gcc supports -c -o file.o
configure:10321: result: yes
configure:10354: checking whether the gcc linker (/usr/bin/ld -m elf_x86_64) supports shared libraries
configure:11507: result: yes
configure:11544: checking whether -lc should be explicitly linked in
configure:11552: gcc -c   conftest.c >&5
configure:11555: $? = 0
configure:11570: gcc -shared  -fPIC -DPIC conftest.o  -v -Wl,-soname -Wl,conftest -o conftest 2\>\&1 \| /bin/grep  -lc  \>/dev/null 2\>\&1
configure:11573: $? = 0
configure:11587: result: no
configure:11747: checking dynamic linker characteristics
configure:12258: gcc -o conftest    -Wl,-rpath -Wl,/foo conftest.c  >&5
configure:12258: $? = 0
configure:12480: result: GNU/Linux ld.so
configure:12587: checking how to hardcode library paths into programs
configure:12612: result: immediate
configure:13152: checking whether stripping libraries is possible
configure:13157: result: yes
configure:13192: checking if libtool supports shared libraries
configure:13194: result: yes
configure:13197: checking whether to build shared libraries
configure:13218: result: yes
configure:13221: checking whether to build static libraries
configure:13225: result: no
configure:16458: checking whether to do a debug build
configure:16467: result: no
configure:16470: checking whether to enable optimized builds
configure:16485: result: yes
configure:16496: checking whether to enable code coverage support
configure:16505: result: no
configure:16508: checking whether to enable debug symbols
configure:16529: result: no
configure:16569: checking for strnlen
configure:16569: gcc -o conftest    conftest.c  >&5
configure:16569: $? = 0
configure:16569: result: yes
configure:16579: checking for snprintf
configure:16579: gcc -o conftest    conftest.c  >&5
conftest.c:47:6: warning: conflicting types for built-in function 'snprintf' [enabled by default]
 char snprintf ();
      ^
configure:16579: $? = 0
configure:16579: result: yes
configure:16589: checking for library containing clock_gettime
configure:16620: gcc -o conftest    conftest.c  >&5
configure:16620: $? = 0
configure:16637: result: none required
configure:16763: checking if compiler needs -Werror to reject unknown flags
configure:16779: gcc -c  -Werror -Wunknown-warning-option -Wsizeof-array-argument  conftest.c >&5
gcc: error: unrecognized command line option '-Wunknown-warning-option'
gcc: error: unrecognized command line option '-Wsizeof-array-argument'
configure:16779: $? = 1
configure: failed program was:
| /* confdefs.h */
| #define PACKAGE_NAME "libbson"
| #define PACKAGE_TARNAME "libbson"
| #define PACKAGE_VERSION "1.0.1"
| #define PACKAGE_STRING "libbson 1.0.1"
| #define PACKAGE_BUGREPORT "https://github.com/mongodb/libbson/issues"
| #define PACKAGE_URL ""
| #define HAVE_TYPEOF 1
| #define STDC_HEADERS 1
| #define HAVE_SYS_TYPES_H 1
| #define HAVE_SYS_STAT_H 1
| #define HAVE_STDLIB_H 1
| #define HAVE_STRING_H 1
| #define HAVE_MEMORY_H 1
| #define HAVE_STRINGS_H 1
| #define HAVE_INTTYPES_H 1
| #define HAVE_STDINT_H 1
| #define HAVE_UNISTD_H 1
| #define HAVE__BOOL 1
| #define HAVE_STDBOOL_H 1
| #define HAVE_DLFCN_H 1
| #define LT_OBJDIR ".libs/"
| /* end confdefs.h.  */
| int foo(void);
| int
| main ()
| {
| foo()
|   ;
|   return 0;
| }
configure:16784: result: no
configure:16850: checking for the pthreads library -lpthreads
configure:16888: gcc -o conftest      conftest.c -lpthreads  >&5
/usr/bin/ld: cannot find -lpthreads
collect2: error: ld returned 1 exit status
configure:16888: $? = 1
configure: failed program was:
| /* confdefs.h */
| #define PACKAGE_NAME "libbson"
| #define PACKAGE_TARNAME "libbson"
| #define PACKAGE_VERSION "1.0.1"
| #define PACKAGE_STRING "libbson 1.0.1"
| #define PACKAGE_BUGREPORT "https://github.com/mongodb/libbson/issues"
| #define PACKAGE_URL ""
| #define HAVE_TYPEOF 1
| #define STDC_HEADERS 1
| #define HAVE_SYS_TYPES_H 1
| #define HAVE_SYS_STAT_H 1
| #define HAVE_STDLIB_H 1
| #define HAVE_STRING_H 1
| #define HAVE_MEMORY_H 1
| #define HAVE_STRINGS_H 1
| #define HAVE_INTTYPES_H 1
| #define HAVE_STDINT_H 1
| #define HAVE_UNISTD_H 1
| #define HAVE__BOOL 1
| #define HAVE_STDBOOL_H 1
| #define HAVE_DLFCN_H 1
| #define LT_OBJDIR ".libs/"
| /* end confdefs.h.  */
| #include <pthread.h>
|                         static void routine(void *a) { a = 0; }
|                         static void *start_routine(void *a) { return a; }
| int
| main ()
| {
| pthread_t th; pthread_attr_t attr;
|                         pthread_create(&th, 0, start_routine, 0);
|                         pthread_join(th, 0);
|                         pthread_attr_init(&attr);
|                         pthread_cleanup_push(routine, 0);
|                         pthread_cleanup_pop(0) /* ; */
|   ;
|   return 0;
| }
configure:16897: result: no
configure:16795: checking whether pthreads work without any flags
configure:16888: gcc -o conftest      conftest.c   >&5
/tmp/cc8HXzHh.o: In function `main':
conftest.c:(.text+0x55): undefined reference to `pthread_create'
conftest.c:(.text+0x69): undefined reference to `pthread_join'
conftest.c:(.text+0xe3): undefined reference to `__pthread_register_cancel'
conftest.c:(.text+0xf2): undefined reference to `__pthread_unregister_cancel'
collect2: error: ld returned 1 exit status
configure:16888: $? = 1
configure: failed program was:
| /* confdefs.h */
| #define PACKAGE_NAME "libbson"
| #define PACKAGE_TARNAME "libbson"
| #define PACKAGE_VERSION "1.0.1"
| #define PACKAGE_STRING "libbson 1.0.1"
| #define PACKAGE_BUGREPORT "https://github.com/mongodb/libbson/issues"
| #define PACKAGE_URL ""
| #define HAVE_TYPEOF 1
| #define STDC_HEADERS 1
| #define HAVE_SYS_TYPES_H 1
| #define HAVE_SYS_STAT_H 1
| #define HAVE_STDLIB_H 1
| #define HAVE_STRING_H 1
| #define HAVE_MEMORY_H 1
| #define HAVE_STRINGS_H 1
| #define HAVE_INTTYPES_H 1
| #define HAVE_STDINT_H 1
| #define HAVE_UNISTD_H 1
| #define HAVE__BOOL 1
| #define HAVE_STDBOOL_H 1
| #define HAVE_DLFCN_H 1
| #define LT_OBJDIR ".libs/"
| /* end confdefs.h.  */
| #include <pthread.h>
|                         static void routine(void *a) { a = 0; }
|                         static void *start_routine(void *a) { return a; }
| int
| main ()
| {
| pthread_t th; pthread_attr_t attr;
|                         pthread_create(&th, 0, start_routine, 0);
|                         pthread_join(th, 0);
|                         pthread_attr_init(&attr);
|                         pthread_cleanup_push(routine, 0);
|                         pthread_cleanup_pop(0) /* ; */
|   ;
|   return 0;
| }
configure:16897: result: no
configure:16800: checking whether pthreads work with -Kthread
configure:16888: gcc -o conftest  -Kthread    conftest.c   >&5
gcc: error: unrecognized command line option '-Kthread'
configure:16888: $? = 1
configure: failed program was:
| /* confdefs.h */
| #define PACKAGE_NAME "libbson"
| #define PACKAGE_TARNAME "libbson"
| #define PACKAGE_VERSION "1.0.1"
| #define PACKAGE_STRING "libbson 1.0.1"
| #define PACKAGE_BUGREPORT "https://github.com/mongodb/libbson/issues"
| #define PACKAGE_URL ""
| #define HAVE_TYPEOF 1
| #define STDC_HEADERS 1
| #define HAVE_SYS_TYPES_H 1
| #define HAVE_SYS_STAT_H 1
| #define HAVE_STDLIB_H 1
| #define HAVE_STRING_H 1
| #define HAVE_MEMORY_H 1
| #define HAVE_STRINGS_H 1
| #define HAVE_INTTYPES_H 1
| #define HAVE_STDINT_H 1
| #define HAVE_UNISTD_H 1
| #define HAVE__BOOL 1
| #define HAVE_STDBOOL_H 1
| #define HAVE_DLFCN_H 1
| #define LT_OBJDIR ".libs/"
| /* end confdefs.h.  */
| #include <pthread.h>
|                         static void routine(void *a) { a = 0; }
|                         static void *start_routine(void *a) { return a; }
| int
| main ()
| {
| pthread_t th; pthread_attr_t attr;
|                         pthread_create(&th, 0, start_routine, 0);
|                         pthread_join(th, 0);
|                         pthread_attr_init(&attr);
|                         pthread_cleanup_push(routine, 0);
|                         pthread_cleanup_pop(0) /* ; */
|   ;
|   return 0;
| }
configure:16897: result: no
configure:16800: checking whether pthreads work with -kthread
configure:16888: gcc -o conftest  -kthread    conftest.c   >&5
gcc: error: unrecognized command line option '-kthread'
configure:16888: $? = 1
configure: failed program was:
| /* confdefs.h */
| #define PACKAGE_NAME "libbson"
| #define PACKAGE_TARNAME "libbson"
| #define PACKAGE_VERSION "1.0.1"
| #define PACKAGE_STRING "libbson 1.0.1"
| #define PACKAGE_BUGREPORT "https://github.com/mongodb/libbson/issues"
| #define PACKAGE_URL ""
| #define HAVE_TYPEOF 1
| #define STDC_HEADERS 1
| #define HAVE_SYS_TYPES_H 1
| #define HAVE_SYS_STAT_H 1
| #define HAVE_STDLIB_H 1
| #define HAVE_STRING_H 1
| #define HAVE_MEMORY_H 1
| #define HAVE_STRINGS_H 1
| #define HAVE_INTTYPES_H 1
| #define HAVE_STDINT_H 1
| #define HAVE_UNISTD_H 1
| #define HAVE__BOOL 1
| #define HAVE_STDBOOL_H 1
| #define HAVE_DLFCN_H 1
| #define LT_OBJDIR ".libs/"
| /* end confdefs.h.  */
| #include <pthread.h>
|                         static void routine(void *a) { a = 0; }
|                         static void *start_routine(void *a) { return a; }
| int
| main ()
| {
| pthread_t th; pthread_attr_t attr;
|                         pthread_create(&th, 0, start_routine, 0);
|                         pthread_join(th, 0);
|                         pthread_attr_init(&attr);
|                         pthread_cleanup_push(routine, 0);
|                         pthread_cleanup_pop(0) /* ; */
|   ;
|   return 0;
| }
configure:16897: result: no
configure:16850: checking for the pthreads library -llthread
configure:16888: gcc -o conftest      conftest.c -llthread  >&5
/usr/bin/ld: cannot find -llthread
collect2: error: ld returned 1 exit status
configure:16888: $? = 1
configure: failed program was:
| /* confdefs.h */
| #define PACKAGE_NAME "libbson"
| #define PACKAGE_TARNAME "libbson"
| #define PACKAGE_VERSION "1.0.1"
| #define PACKAGE_STRING "libbson 1.0.1"
| #define PACKAGE_BUGREPORT "https://github.com/mongodb/libbson/issues"
| #define PACKAGE_URL ""
| #define HAVE_TYPEOF 1
| #define STDC_HEADERS 1
| #define HAVE_SYS_TYPES_H 1
| #define HAVE_SYS_STAT_H 1
| #define HAVE_STDLIB_H 1
| #define HAVE_STRING_H 1
| #define HAVE_MEMORY_H 1
| #define HAVE_STRINGS_H 1
| #define HAVE_INTTYPES_H 1
| #define HAVE_STDINT_H 1
| #define HAVE_UNISTD_H 1
| #define HAVE__BOOL 1
| #define HAVE_STDBOOL_H 1
| #define HAVE_DLFCN_H 1
| #define LT_OBJDIR ".libs/"
| /* end confdefs.h.  */
| #include <pthread.h>
|                         static void routine(void *a) { a = 0; }
|                         static void *start_routine(void *a) { return a; }
| int
| main ()
| {
| pthread_t th; pthread_attr_t attr;
|                         pthread_create(&th, 0, start_routine, 0);
|                         pthread_join(th, 0);
|                         pthread_attr_init(&attr);
|                         pthread_cleanup_push(routine, 0);
|                         pthread_cleanup_pop(0) /* ; */
|   ;
|   return 0;
| }
configure:16897: result: no
configure:16800: checking whether pthreads work with -pthread
configure:16888: gcc -o conftest  -pthread    conftest.c   >&5
configure:16888: $? = 0
configure:16897: result: yes
configure:16916: checking for joinable pthread attribute
configure:16931: gcc -o conftest  -pthread   conftest.c   >&5
configure:16931: $? = 0
configure:16937: result: PTHREAD_CREATE_JOINABLE
configure:16947: checking if more special flags are required for pthreads
configure:16962: result: no
configure:16968: checking for PTHREAD_PRIO_INHERIT
configure:16985: gcc -o conftest  -pthread   conftest.c   >&5
configure:16985: $? = 0
configure:16994: result: yes
configure:17108: checking whether PTHREAD_ONCE_INIT needs braces
configure:17125: gcc -c   conftest.c >&5
configure:17125: $? = 0
configure:17132: result: no
configure:17147: checking for __sync_add_and_fetch_8
configure:17160: gcc -o conftest    conftest.c  >&5
configure:17160: $? = 0
configure:17161: result: yes
configure:17219: checking whether C compiler accepts -fno-strict-overflow
configure:17238: ./scripts/wrap-compiler-for-flag-check gcc -c  -Werror  -fno-strict-overflow  conftest.c >&5
./configure: line 1626: ./scripts/wrap-compiler-for-flag-check: No such file or directory
configure:17238: $? = 127
configure: failed program was:
| /* confdefs.h */
| #define PACKAGE_NAME "libbson"
| #define PACKAGE_TARNAME "libbson"
| #define PACKAGE_VERSION "1.0.1"
| #define PACKAGE_STRING "libbson 1.0.1"
| #define PACKAGE_BUGREPORT "https://github.com/mongodb/libbson/issues"
| #define PACKAGE_URL ""
| #define HAVE_TYPEOF 1
| #define STDC_HEADERS 1
| #define HAVE_SYS_TYPES_H 1
| #define HAVE_SYS_STAT_H 1
| #define HAVE_STDLIB_H 1
| #define HAVE_STRING_H 1
| #define HAVE_MEMORY_H 1
| #define HAVE_STRINGS_H 1
| #define HAVE_INTTYPES_H 1
| #define HAVE_STDINT_H 1
| #define HAVE_UNISTD_H 1
| #define HAVE__BOOL 1
| #define HAVE_STDBOOL_H 1
| #define HAVE_DLFCN_H 1
| #define LT_OBJDIR ".libs/"
| #define HAVE_PTHREAD_PRIO_INHERIT 1
| #define HAVE_PTHREAD 1
| /* end confdefs.h.  */
| 
| int
| main ()
| {
| 
|   ;
|   return 0;
| }
configure:17246: result: no
configure:17314: checking whether C compiler accepts -D_FORTIFY_SOURCE=2
configure:17333: ./scripts/wrap-compiler-for-flag-check gcc -c  -Werror  -D_FORTIFY_SOURCE=2  conftest.c >&5
./configure: line 1626: ./scripts/wrap-compiler-for-flag-check: No such file or directory
configure:17333: $? = 127
configure: failed program was:
| /* confdefs.h */
| #define PACKAGE_NAME "libbson"
| #define PACKAGE_TARNAME "libbson"
| #define PACKAGE_VERSION "1.0.1"
| #define PACKAGE_STRING "libbson 1.0.1"
| #define PACKAGE_BUGREPORT "https://github.com/mongodb/libbson/issues"
| #define PACKAGE_URL ""
| #define HAVE_TYPEOF 1
| #define STDC_HEADERS 1
| #define HAVE_SYS_TYPES_H 1
| #define HAVE_SYS_STAT_H 1
| #define HAVE_STDLIB_H 1
| #define HAVE_STRING_H 1
| #define HAVE_MEMORY_H 1
| #define HAVE_STRINGS_H 1
| #define HAVE_INTTYPES_H 1
| #define HAVE_STDINT_H 1
| #define HAVE_UNISTD_H 1
| #define HAVE__BOOL 1
| #define HAVE_STDBOOL_H 1
| #define HAVE_DLFCN_H 1
| #define LT_OBJDIR ".libs/"
| #define HAVE_PTHREAD_PRIO_INHERIT 1
| #define HAVE_PTHREAD 1
| /* end confdefs.h.  */
| 
| int
| main ()
| {
| 
|   ;
|   return 0;
| }
configure:17341: result: no
configure:17408: checking whether C compiler accepts -fstack-protector-all
configure:17427: ./scripts/wrap-compiler-for-flag-check gcc -c  -Werror  -fstack-protector-all  conftest.c >&5
./configure: line 1626: ./scripts/wrap-compiler-for-flag-check: No such file or directory
configure:17427: $? = 127
configure: failed program was:
| /* confdefs.h */
| #define PACKAGE_NAME "libbson"
| #define PACKAGE_TARNAME "libbson"
| #define PACKAGE_VERSION "1.0.1"
| #define PACKAGE_STRING "libbson 1.0.1"
| #define PACKAGE_BUGREPORT "https://github.com/mongodb/libbson/issues"
| #define PACKAGE_URL ""
| #define HAVE_TYPEOF 1
| #define STDC_HEADERS 1
| #define HAVE_SYS_TYPES_H 1
| #define HAVE_SYS_STAT_H 1
| #define HAVE_STDLIB_H 1
| #define HAVE_STRING_H 1
| #define HAVE_MEMORY_H 1
| #define HAVE_STRINGS_H 1
| #define HAVE_INTTYPES_H 1
| #define HAVE_STDINT_H 1
| #define HAVE_UNISTD_H 1
| #define HAVE__BOOL 1
| #define HAVE_STDBOOL_H 1
| #define HAVE_DLFCN_H 1
| #define LT_OBJDIR ".libs/"
| #define HAVE_PTHREAD_PRIO_INHERIT 1
| #define HAVE_PTHREAD 1
| /* end confdefs.h.  */
| 
| int
| main ()
| {
| 
|   ;
|   return 0;
| }
configure:17435: result: no
configure:17726: checking whether C compiler accepts -fPIE
configure:17745: ./scripts/wrap-compiler-for-flag-check gcc -c  -Werror  -fPIE  conftest.c >&5
./configure: line 1626: ./scripts/wrap-compiler-for-flag-check: No such file or directory
configure:17745: $? = 127
configure: failed program was:
| /* confdefs.h */
| #define PACKAGE_NAME "libbson"
| #define PACKAGE_TARNAME "libbson"
| #define PACKAGE_VERSION "1.0.1"
| #define PACKAGE_STRING "libbson 1.0.1"
| #define PACKAGE_BUGREPORT "https://github.com/mongodb/libbson/issues"
| #define PACKAGE_URL ""
| #define HAVE_TYPEOF 1
| #define STDC_HEADERS 1
| #define HAVE_SYS_TYPES_H 1
| #define HAVE_SYS_STAT_H 1
| #define HAVE_STDLIB_H 1
| #define HAVE_STRING_H 1
| #define HAVE_MEMORY_H 1
| #define HAVE_STRINGS_H 1
| #define HAVE_INTTYPES_H 1
| #define HAVE_STDINT_H 1
| #define HAVE_UNISTD_H 1
| #define HAVE__BOOL 1
| #define HAVE_STDBOOL_H 1
| #define HAVE_DLFCN_H 1
| #define LT_OBJDIR ".libs/"
| #define HAVE_PTHREAD_PRIO_INHERIT 1
| #define HAVE_PTHREAD 1
| /* end confdefs.h.  */
| 
| int
| main ()
| {
| 
|   ;
|   return 0;
| }
configure:17753: result: no
configure:17886: checking whether the linker accepts -Wl,-z,relro
configure:17905: ./scripts/wrap-compiler-for-flag-check gcc -o conftest    -Werror  -Wl,-z,relro conftest.c  >&5
./configure: line 1866: ./scripts/wrap-compiler-for-flag-check: No such file or directory
configure:17905: $? = 127
configure: failed program was:
| /* confdefs.h */
| #define PACKAGE_NAME "libbson"
| #define PACKAGE_TARNAME "libbson"
| #define PACKAGE_VERSION "1.0.1"
| #define PACKAGE_STRING "libbson 1.0.1"
| #define PACKAGE_BUGREPORT "https://github.com/mongodb/libbson/issues"
| #define PACKAGE_URL ""
| #define HAVE_TYPEOF 1
| #define STDC_HEADERS 1
| #define HAVE_SYS_TYPES_H 1
| #define HAVE_SYS_STAT_H 1
| #define HAVE_STDLIB_H 1
| #define HAVE_STRING_H 1
| #define HAVE_MEMORY_H 1
| #define HAVE_STRINGS_H 1
| #define HAVE_INTTYPES_H 1
| #define HAVE_STDINT_H 1
| #define HAVE_UNISTD_H 1
| #define HAVE__BOOL 1
| #define HAVE_STDBOOL_H 1
| #define HAVE_DLFCN_H 1
| #define LT_OBJDIR ".libs/"
| #define HAVE_PTHREAD_PRIO_INHERIT 1
| #define HAVE_PTHREAD 1
| /* end confdefs.h.  */
| 
| int
| main ()
| {
| 
|   ;
|   return 0;
| }
configure:17914: result: no
configure:19837: checking whether the linker accepts -Wl,-Bsymbolic
configure:19856: gcc -o conftest    -Werror  -Wl,-Bsymbolic conftest.c  >&5
configure:19856: $? = 0
configure:19865: result: yes
configure:20039: checking whether build environment is sane
configure:20094: result: yes
configure:20242: checking for a thread-safe mkdir -p
configure:20281: result: /bin/mkdir -p
configure:20284: checking whether make sets $(MAKE)
configure:20310: result: no
configure:20336: checking for style of include used by make
configure:20364: result: none
configure:20398: checking whether make supports nested variables
configure:20415: result: no
configure:20504: checking whether UID '1001' is supported by ustar format
configure:20507: result: yes
configure:20514: checking whether GID '1001' is supported by ustar format
configure:20517: result: yes
configure:20525: checking how to create a ustar tar archive
configure:20536: tar --version
tar (GNU tar) 1.27.1
Copyright (C) 2013 Free Software Foundation, Inc.
License GPLv3+: GNU GPL version 3 or later <http://gnu.org/licenses/gpl.html>.
This is free software: you are free to change and redistribute it.
There is NO WARRANTY, to the extent permitted by law.

Written by John Gilmore and Jay Fenlason.
configure:20539: $? = 0
configure:20579: tardir=conftest.dir && eval tar --format=ustar -chf - "$tardir" >conftest.tar
configure:20582: $? = 0
configure:20586: tar -xf - <conftest.tar
configure:20589: $? = 0
configure:20591: cat conftest.dir/file
GrepMe
configure:20594: $? = 0
configure:20607: result: gnutar
configure:20616: checking dependency style of gcc
configure:20727: result: none
configure:20744: checking dependency style of g++
configure:20855: result: none
configure:20913: checking whether to enable maintainer-specific portions of Makefiles
configure:20922: result: yes
configure:20946: checking whether make supports nested variables
configure:20963: result: no
configure:21267: checking that generated files are newer than configure
configure:21273: result: done
configure:21364: creating ./config.status

## ---------------------- ##
## Running config.status. ##
## ---------------------- ##

This file was extended by libbson config.status 1.0.1, which was
generated by GNU Autoconf 2.69.  Invocation command line was

  CONFIG_FILES    = 
  CONFIG_HEADERS  = 
  CONFIG_LINKS    = 
  CONFIG_COMMANDS = 
  $ ./config.status 

on ubuntu

config.status:1136: creating Makefile
config.status:1136: creating src/libbson-1.0.pc
config.status:1136: creating src/bson/bson-config.h
config.status:1136: creating src/bson/bson-version.h
config.status:1308: executing libtool commands
config.status:1308: executing depfiles commands

## ---------------- ##
## Cache variables. ##
## ---------------- ##

ac_cv_build=x86_64-unknown-linux-gnu
ac_cv_c_bigendian=no
ac_cv_c_compiler_gnu=yes
ac_cv_c_const=yes
ac_cv_c_inline=inline
ac_cv_c_typeof=typeof
ac_cv_cxx_compiler_gnu=no
ac_cv_env_CCC_set=
ac_cv_env_CCC_value=
ac_cv_env_CC_set=
ac_cv_env_CC_value=
ac_cv_env_CFLAGS_set=
ac_cv_env_CFLAGS_value=
ac_cv_env_CPPFLAGS_set=
ac_cv_env_CPPFLAGS_value=
ac_cv_env_CPP_set=
ac_cv_env_CPP_value=
ac_cv_env_CXXCPP_set=
ac_cv_env_CXXCPP_value=
ac_cv_env_CXXFLAGS_set=
ac_cv_env_CXXFLAGS_value=
ac_cv_env_CXX_set=
ac_cv_env_CXX_value=
ac_cv_env_LDFLAGS_set=
ac_cv_env_LDFLAGS_value=
ac_cv_env_LIBS_set=
ac_cv_env_LIBS_value=
ac_cv_env_build_alias_set=
ac_cv_env_build_alias_value=
ac_cv_env_host_alias_set=
ac_cv_env_host_alias_value=
ac_cv_env_target_alias_set=
ac_cv_env_target_alias_value=
ac_cv_func_snprintf=yes
ac_cv_func_strnlen=yes
ac_cv_header_dlfcn_h=yes
ac_cv_header_inttypes_h=yes
ac_cv_header_memory_h=yes
ac_cv_header_stdbool_h=yes
ac_cv_header_stdc=yes
ac_cv_header_stdint=stdint.h
ac_cv_header_stdint_h=yes
ac_cv_header_stdint_o=no-file
ac_cv_header_stdint_test=no
ac_cv_header_stdint_u=no-file
ac_cv_header_stdint_x=stdint.h
ac_cv_header_stdlib_h=yes
ac_cv_header_string_h=yes
ac_cv_header_strings_h=yes
ac_cv_header_sys_stat_h=yes
ac_cv_header_sys_types_h=yes
ac_cv_header_unistd_h=yes
ac_cv_host=x86_64-unknown-linux-gnu
ac_cv_objext=o
ac_cv_path_EGREP='/bin/grep -E'
ac_cv_path_FGREP='/bin/grep -F'
ac_cv_path_GREP=/bin/grep
ac_cv_path_MV=/bin/mv
ac_cv_path_PERL=/usr/bin/perl
ac_cv_path_PYTHON=/usr/bin/python
ac_cv_path_SED=/bin/sed
ac_cv_path_install='/usr/bin/install -c'
ac_cv_path_mkdir=/bin/mkdir
ac_cv_prog_AWK=gawk
ac_cv_prog_CPP='gcc -E'
ac_cv_prog_ac_ct_AR=ar
ac_cv_prog_ac_ct_CC=gcc
ac_cv_prog_ac_ct_DLLTOOL=dlltool
ac_cv_prog_ac_ct_MANIFEST_TOOL=mt
ac_cv_prog_ac_ct_OBJDUMP=objdump
ac_cv_prog_ac_ct_RANLIB=ranlib
ac_cv_prog_ac_ct_STRIP=strip
ac_cv_prog_cc_c89=
ac_cv_prog_cc_g=yes
ac_cv_prog_cxx_g=no
ac_cv_prog_make_make_set=no
ac_cv_search_clock_gettime='none required'
ac_cv_sizeof_X=::::
ac_cv_sizeof_x=:
ac_cv_target=x86_64-unknown-linux-gnu
ac_cv_type__Bool=yes
ac_cv_type_int_fast32_t=yes
ac_cv_type_int_least32_t=yes
ac_cv_type_uint64_t=yes
ac_cv_type_uintptr_t=yes
am_cv_CC_dependencies_compiler_type=none
am_cv_CXX_dependencies_compiler_type=none
am_cv_make_support_nested_variables=no
am_cv_prog_cc_c_o=yes
am_cv_prog_tar_ustar=gnutar
ax_cv_PTHREAD_PRIO_INHERIT=yes
ax_cv_check_cflags__Werror___D_FORTIFY_SOURCE_2=no
ax_cv_check_cflags__Werror___fPIE=no
ax_cv_check_cflags__Werror___fno_strict_overflow=no
ax_cv_check_cflags__Werror___fstack_protector_all=no
ax_cv_check_ldflags__Werror___Wl__Bsymbolic=yes
ax_cv_check_ldflags__Werror___Wl__z_relro=no
bson_cv_need_braces_on_pthread_once_init=no
lt_cv_ar_at_file=@
lt_cv_archive_cmds_need_lc=no
lt_cv_deplibs_check_method=pass_all
lt_cv_file_magic_cmd='$MAGIC_CMD'
lt_cv_file_magic_test_file=
lt_cv_ld_reload_flag=-r
lt_cv_nm_interface='BSD nm'
lt_cv_objdir=.libs
lt_cv_path_LD=/usr/bin/ld
lt_cv_path_NM='/usr/bin/nm -B'
lt_cv_path_mainfest_tool=no
lt_cv_prog_compiler_c_o=yes
lt_cv_prog_compiler_pic='-fPIC -DPIC'
lt_cv_prog_compiler_pic_works=yes
lt_cv_prog_compiler_rtti_exceptions=no
lt_cv_prog_compiler_static_works=yes
lt_cv_prog_gnu_ld=yes
lt_cv_sharedlib_from_linklib_cmd='printf %s\n'
lt_cv_shlibpath_overrides_runpath=no
lt_cv_sys_global_symbol_pipe='sed -n -e '\''s/^.*[	 ]\([ABCDGIRSTW][ABCDGIRSTW]*\)[	 ][	 ]*\([_A-Za-z][_A-Za-z0-9]*\)$/\1 \2 \2/p'\'' | sed '\''/ __gnu_lto/d'\'''
lt_cv_sys_global_symbol_to_c_name_address='sed -n -e '\''s/^: \([^ ]*\)[ ]*$/  {\"\1\", (void *) 0},/p'\'' -e '\''s/^[ABCDGIRSTW]* \([^ ]*\) \([^ ]*\)$/  {"\2", (void *) \&\2},/p'\'''
lt_cv_sys_global_symbol_to_c_name_address_lib_prefix='sed -n -e '\''s/^: \([^ ]*\)[ ]*$/  {\"\1\", (void *) 0},/p'\'' -e '\''s/^[ABCDGIRSTW]* \([^ ]*\) \(lib[^ ]*\)$/  {"\2", (void *) \&\2},/p'\'' -e '\''s/^[ABCDGIRSTW]* \([^ ]*\) \([^ ]*\)$/  {"lib\2", (void *) \&\2},/p'\'''
lt_cv_sys_global_symbol_to_cdecl='sed -n -e '\''s/^T .* \(.*\)$/extern int \1();/p'\'' -e '\''s/^[ABCDGIRSTW]* .* \(.*\)$/extern char \1;/p'\'''
lt_cv_sys_max_cmd_len=1572864
lt_cv_to_host_file_cmd=func_convert_file_noop
lt_cv_to_tool_file_cmd=func_convert_file_noop

## ----------------- ##
## Output variables. ##
## ----------------- ##

ACLOCAL='${SHELL} /home/hduser/cloud/mongodb/mongo-c-driver-1.0.2/src/libbson/build/autotools/missing aclocal-1.14'
ACLOCAL_AMFLAGS='-I build/autotools'
AMDEPBACKSLASH='\'
AMDEP_FALSE='#'
AMDEP_TRUE=''
AMTAR='$${TAR-tar}'
AM_BACKSLASH='\'
AM_DEFAULT_V='0'
AM_DEFAULT_VERBOSITY='0'
AM_V='0'
AR='ar'
AS='as'
AUTOCONF='${SHELL} /home/hduser/cloud/mongodb/mongo-c-driver-1.0.2/src/libbson/build/autotools/missing autoconf'
AUTOHEADER='${SHELL} /home/hduser/cloud/mongodb/mongo-c-driver-1.0.2/src/libbson/build/autotools/missing autoheader'
AUTOMAKE='${SHELL} /home/hduser/cloud/mongodb/mongo-c-driver-1.0.2/src/libbson/build/autotools/missing automake-1.14'
AWK='gawk'
BSON_API_VERSION='1.0'
BSON_BYTE_ORDER='1234'
BSON_HAVE_ATOMIC_64_ADD_AND_FETCH='1'
BSON_HAVE_CLOCK_GETTIME='1'
BSON_HAVE_SNPRINTF='1'
BSON_HAVE_STDBOOL_H='1'
BSON_HAVE_STRNLEN='1'
BSON_MAJOR_VERSION='1'
BSON_MICRO_VERSION='1'
BSON_MINOR_VERSION='0'
BSON_OS='1'
BSON_PTHREAD_ONCE_INIT_NEEDS_BRACES='0'
BSON_VERSION='1.0.1'
CAN_ABI_CHECK_FALSE=''
CAN_ABI_CHECK_TRUE='#'
CC='gcc'
CCDEPMODE='depmode=none'
CFLAGS=' -O2 -D_FORTIFY_SOURCE=2'
COMPILER_CLANG_FALSE=''
COMPILER_CLANG_TRUE='#'
COMPILER_GCC_FALSE=''
COMPILER_GCC_TRUE='#'
CPP='gcc -E'
CPPFLAGS=''
CXX='g++'
CXXCPP=''
CXXDEPMODE='depmode=none'
CXXFLAGS=''
CYGPATH_W='echo'
DEFS='-DPACKAGE_NAME=\"libbson\" -DPACKAGE_TARNAME=\"libbson\" -DPACKAGE_VERSION=\"1.0.1\" -DPACKAGE_STRING=\"libbson\ 1.0.1\" -DPACKAGE_BUGREPORT=\"https://github.com/mongodb/libbson/issues\" -DPACKAGE_URL=\"\" -DHAVE_TYPEOF=1 -DSTDC_HEADERS=1 -DHAVE_SYS_TYPES_H=1 -DHAVE_SYS_STAT_H=1 -DHAVE_STDLIB_H=1 -DHAVE_STRING_H=1 -DHAVE_MEMORY_H=1 -DHAVE_STRINGS_H=1 -DHAVE_INTTYPES_H=1 -DHAVE_STDINT_H=1 -DHAVE_UNISTD_H=1 -DHAVE__BOOL=1 -DHAVE_STDBOOL_H=1 -DHAVE_DLFCN_H=1 -DLT_OBJDIR=\".libs/\" -DHAVE_PTHREAD_PRIO_INHERIT=1 -DHAVE_PTHREAD=1 -DPACKAGE=\"libbson\" -DVERSION=\"1.0.1\"'
DEPDIR='.deps'
DLLTOOL='dlltool'
DSYMUTIL=''
DUMPBIN=''
ECHO_C=''
ECHO_N='-n'
ECHO_T=''
EGREP='/bin/grep -E'
ENABLE_DEBUG_FALSE=''
ENABLE_DEBUG_TRUE='#'
ENABLE_HTML_DOCS_FALSE=''
ENABLE_HTML_DOCS_TRUE='#'
ENABLE_MAN_PAGES_FALSE=''
ENABLE_MAN_PAGES_TRUE='#'
ENABLE_PTHREADS_FALSE=''
ENABLE_PTHREADS_TRUE='#'
ENABLE_PYTHON_FALSE=''
ENABLE_PYTHON_TRUE='#'
ENABLE_STDBOOL_FALSE=''
ENABLE_STDBOOL_TRUE='#'
EXEEXT=''
FGREP='/bin/grep -F'
GREP='/bin/grep'
HARDEN_CFLAGS=''
HARDEN_LDFLAGS=''
INSTALL_DATA='${INSTALL} -m 644'
INSTALL_PROGRAM='${INSTALL}'
INSTALL_SCRIPT='${INSTALL}'
INSTALL_STRIP_PROGRAM='$(install_sh) -c -s'
LD='/usr/bin/ld -m elf_x86_64'
LDFLAGS=''
LIBC_FEATURES='-D_GNU_SOURCE'
LIBOBJS=''
LIBS=''
LIBTOOL='$(SHELL) $(top_builddir)/libtool'
LIPO=''
LN_S='ln -s'
LTLIBOBJS=''
MAINT=''
MAINTAINER_CFLAGS=''
MAINTAINER_MODE_FALSE='#'
MAINTAINER_MODE_TRUE=''
MAKEINFO='${SHELL} /home/hduser/cloud/mongodb/mongo-c-driver-1.0.2/src/libbson/build/autotools/missing makeinfo'
MANIFEST_TOOL=':'
MKDIR_P='/bin/mkdir -p'
MV='/bin/mv'
NM='/usr/bin/nm -B'
NMEDIT=''
OBJDUMP='objdump'
OBJEXT='o'
OPTIMIZE_CFLAGS=''
OPTIMIZE_LDFLAGS=' -Wl,-Bsymbolic'
OS_DARWIN_FALSE=''
OS_DARWIN_TRUE='#'
OS_FREEBSD_FALSE=''
OS_FREEBSD_TRUE='#'
OS_GNU_FALSE='#'
OS_GNU_TRUE=''
OS_LINUX_FALSE='#'
OS_LINUX_TRUE=''
OS_UNIX_FALSE='#'
OS_UNIX_TRUE=''
OS_WIN32_FALSE=''
OS_WIN32_TRUE='#'
OTOOL64=''
OTOOL=''
PACKAGE='libbson'
PACKAGE_BUGREPORT='https://github.com/mongodb/libbson/issues'
PACKAGE_NAME='libbson'
PACKAGE_STRING='libbson 1.0.1'
PACKAGE_TARNAME='libbson'
PACKAGE_URL=''
PACKAGE_VERSION='1.0.1'
PATH_SEPARATOR=':'
PERL='/usr/bin/perl'
PTHREAD_CC='gcc'
PTHREAD_CFLAGS='-pthread'
PTHREAD_LIBS=''
PYTHON='/usr/bin/python'
RANLIB='ranlib'
SED='/bin/sed'
SET_MAKE='MAKE=make'
SHELL='/bin/bash'
STRIP='strip'
VERSION='1.0.1'
YELP_BUILD=''
ac_ct_AR='ar'
ac_ct_CC='gcc'
ac_ct_CXX=''
ac_ct_DUMPBIN=''
am__EXEEXT_FALSE=''
am__EXEEXT_TRUE='#'
am__fastdepCC_FALSE=''
am__fastdepCC_TRUE='#'
am__fastdepCXX_FALSE=''
am__fastdepCXX_TRUE='#'
am__include='#'
am__isrc=''
am__leading_dot='.'
am__nodep='_no'
am__quote=''
am__tar='tar --format=ustar -chf - "$$tardir"'
am__untar='tar -xf -'
ax_pthread_config=''
bindir='${exec_prefix}/bin'
build='x86_64-unknown-linux-gnu'
build_alias=''
build_cpu='x86_64'
build_os='linux-gnu'
build_vendor='unknown'
datadir='${datarootdir}'
datarootdir='${prefix}/share'
docdir='${datarootdir}/doc/${PACKAGE_TARNAME}'
dvidir='${docdir}'
exec_prefix='${prefix}'
host='x86_64-unknown-linux-gnu'
host_alias=''
host_cpu='x86_64'
host_os='linux-gnu'
host_vendor='unknown'
htmldir='${docdir}'
includedir='${prefix}/include'
infodir='${datarootdir}/info'
install_sh='${SHELL} /home/hduser/cloud/mongodb/mongo-c-driver-1.0.2/src/libbson/build/autotools/install-sh'
libdir='/usr/lib64'
libexecdir='${exec_prefix}/libexec'
localedir='${datarootdir}/locale'
localstatedir='${prefix}/var'
mandir='${datarootdir}/man'
mkdir_p='$(MKDIR_P)'
oldincludedir='/usr/include'
pdfdir='${docdir}'
prefix='/usr'
program_transform_name='s,x,x,'
psdir='${docdir}'
sbindir='${exec_prefix}/sbin'
sharedstatedir='${prefix}/com'
sysconfdir='${prefix}/etc'
target='x86_64-unknown-linux-gnu'
target_alias=''
target_cpu='x86_64'
target_os='linux-gnu'
target_vendor='unknown'

## ----------- ##
## confdefs.h. ##
## ----------- ##

/* confdefs.h */
#define PACKAGE_NAME "libbson"
#define PACKAGE_TARNAME "libbson"
#define PACKAGE_VERSION "1.0.1"
#define PACKAGE_STRING "libbson 1.0.1"
#define PACKAGE_BUGREPORT "https://github.com/mongodb/libbson/issues"
#define PACKAGE_URL ""
#define HAVE_TYPEOF 1
#define STDC_HEADERS 1
#define HAVE_SYS_TYPES_H 1
#define HAVE_SYS_STAT_H 1
#define HAVE_STDLIB_H 1
#define HAVE_STRING_H 1
#define HAVE_MEMORY_H 1
#define HAVE_STRINGS_H 1
#define HAVE_INTTYPES_H 1
#define HAVE_STDINT_H 1
#define HAVE_UNISTD_H 1
#define HAVE__BOOL 1
#define HAVE_STDBOOL_H 1
#define HAVE_DLFCN_H 1
#define LT_OBJDIR ".libs/"
#define HAVE_PTHREAD_PRIO_INHERIT 1
#define HAVE_PTHREAD 1
#define PACKAGE "libbson"
#define VERSION "1.0.1"

configure: exit 0
